{"logTime": "0124/143106", "correlationVector":"baQOVZB+elCB9NbIKk4bkP.52","action":"GetUpdates", "result":"DeleteReceived", "context":{"id":"92ef4570-078c-43f7-b051-16239323dea8", "isDeleted:":"true", "version":"1699883204448"}}
{"logTime": "0124/143106", "correlationVector":"baQOVZB+elCB9NbIKk4bkP.53","action":"GetUpdates", "result":"DeleteReceived", "context":{"id":"dd0687d7-93cc-41b0-9aac-69d02cb372bc", "isDeleted:":"true", "version":"1699883204449"}}
{"logTime": "0124/143106", "correlationVector":"baQOVZB+elCB9NbIKk4bkP.54","action":"GetUpdates", "result":"DeleteReceived", "context":{"id":"e51f7b28-a63b-415d-a19d-3595bafb3f40", "isDeleted:":"true", "version":"1699883204451"}}
{"logTime": "0124/143106", "correlationVector":"baQOVZB+elCB9NbIKk4bkP.55","action":"GetUpdates", "result":"DeleteReceived", "context":{"id":"6c9b2c8b-8c01-49dd-bbf6-c5f4b0976904", "isDeleted:":"true", "version":"1700137247271"}}
{"logTime": "0124/143106", "correlationVector":"baQOVZB+elCB9NbIKk4bkP.56","action":"GetUpdates", "result":"DeleteReceived", "context":{"id":"ce309db8-069a-489b-b2fa-d1e00d66c332", "isDeleted:":"true", "version":"1700137247273"}}
{"logTime": "0124/143106", "correlationVector":"baQOVZB+elCB9NbIKk4bkP.58","action":"GetUpdates", "result":"DeleteReceived", "context":{"id":"c95ea8d1-0f0b-452d-92fc-e28a741ab994", "isDeleted:":"true", "version":"1700137247275"}}
{"logTime": "0124/143106", "correlationVector":"baQOVZB+elCB9NbIKk4bkP.59","action":"GetUpdates", "result":"DeleteReceived", "context":{"id":"92ce6aeb-1bcb-401a-a2ac-ce60b4f0900e", "isDeleted:":"true", "version":"1700141107651"}}
{"logTime": "0124/143106", "correlationVector":"baQOVZB+elCB9NbIKk4bkP.60","action":"GetUpdates", "result":"DeleteReceived", "context":{"id":"4d8c9974-4013-47f4-8c01-1ed0372f5358", "isDeleted:":"true", "version":"1700141107652"}}
{"logTime": "0124/143106", "correlationVector":"baQOVZB+elCB9NbIKk4bkP.61","action":"GetUpdates", "result":"DeleteReceived", "context":{"id":"e5d1b6de-48e5-4366-ab5a-bce98322c370", "isDeleted:":"true", "version":"1700141108871"}}
{"logTime": "0124/143106", "correlationVector":"baQOVZB+elCB9NbIKk4bkP.62","action":"GetUpdates Response", "result":"SERVER_MORE_TO_DOWNLOAD", "context":Received 250 update(s).  Some updates remain.}
{"logTime": "0124/143106", "correlationVector":"QTgQRZtKnghejPoeI8C+xD","action":"Initial GetUpdates", "result":"", "context":Reason: NEWLY_SUPPORTED_DATATYPE. cV=QTgQRZtKnghejPoeI8C+xD}
{"logTime": "0124/143107", "correlationVector":"QTgQRZtKnghejPoeI8C+xD.1","action":"SyncServerConnectionManagerRequest", "result":"SYNC_SERVER_OK", "context":{"environment":"Prod_SoutheastAsia_000j", "migrationStage":"NotStarted", "server":"GENERAL0100000X"}}
{"logTime": "0124/143107", "correlationVector":"QTgQRZtKnghejPoeI8C+xD.2","action":"GetUpdates", "result":"DeleteReceived", "context":{"id":"a4d676be-9b9c-42e3-93e4-cdde9ebc47d3", "isDeleted:":"true", "version":"1700738201721"}}
{"logTime": "0124/143107", "correlationVector":"QTgQRZtKnghejPoeI8C+xD.3","action":"GetUpdates", "result":"DeleteReceived", "context":{"id":"7d749ebb-21e3-4b11-a9f9-c21333d96edf", "isDeleted:":"true", "version":"1700738201722"}}
{"logTime": "0124/143107", "correlationVector":"QTgQRZtKnghejPoeI8C+xD.4","action":"GetUpdates", "result":"DeleteReceived", "context":{"id":"da8b4e50-d717-409a-afa4-e79d33b4e647", "isDeleted:":"true", "version":"1700738201723"}}
{"logTime": "0124/143107", "correlationVector":"QTgQRZtKnghejPoeI8C+xD.5","action":"GetUpdates", "result":"DeleteReceived", "context":{"id":"ca23a014-da53-4b75-b7a2-3427da3327c4", "isDeleted:":"true", "version":"1700738201724"}}
{"logTime": "0124/143107", "correlationVector":"QTgQRZtKnghejPoeI8C+xD.6","action":"GetUpdates", "result":"DeleteReceived", "context":{"id":"e34e3593-9ddc-4762-8f63-bd5f2ca46ad0", "isDeleted:":"true", "version":"1700835727884"}}
{"logTime": "0124/143107", "correlationVector":"QTgQRZtKnghejPoeI8C+xD.7","action":"GetUpdates", "result":"DeleteReceived", "context":{"id":"d76b6efe-d469-4d5b-8396-e9a7701508ea", "isDeleted:":"true", "version":"1700835727889"}}
{"logTime": "0124/143107", "correlationVector":"QTgQRZtKnghejPoeI8C+xD.8","action":"GetUpdates", "result":"DeleteReceived", "context":{"id":"755f05fc-fd9a-4ba0-8f2a-1aa49f6103f5", "isDeleted:":"true", "version":"1700835727890"}}
{"logTime": "0124/143107", "correlationVector":"QTgQRZtKnghejPoeI8C+xD.9","action":"GetUpdates", "result":"DeleteReceived", "context":{"id":"680c275d-9544-47ef-90c8-de46855d4759", "isDeleted:":"true", "version":"1700835727891"}}
{"logTime": "0124/143107", "correlationVector":"QTgQRZtKnghejPoeI8C+xD.10","action":"GetUpdates", "result":"DeleteReceived", "context":{"id":"9987133d-cc36-43d4-b48d-5441fa540039", "isDeleted:":"true", "version":"1700914128876"}}
{"logTime": "0124/143107", "correlationVector":"QTgQRZtKnghejPoeI8C+xD.11","action":"GetUpdates", "result":"DeleteReceived", "context":{"id":"af213963-8fe6-4f88-9973-4739d227a7da", "isDeleted:":"true", "version":"1700914128878"}}
{"logTime": "0124/143107", "correlationVector":"QTgQRZtKnghejPoeI8C+xD.12","action":"GetUpdates", "result":"DeleteReceived", "context":{"id":"be9ffc5f-01db-49d5-967d-28a426916bac", "isDeleted:":"true", "version":"1700914128879"}}
{"logTime": "0124/143107", "correlationVector":"QTgQRZtKnghejPoeI8C+xD.13","action":"GetUpdates", "result":"DeleteReceived", "context":{"id":"1c63f895-84fe-4dc8-9564-1bb93d331769", "isDeleted:":"true", "version":"1700915224851"}}
{"logTime": "0124/143107", "correlationVector":"QTgQRZtKnghejPoeI8C+xD.14","action":"GetUpdates", "result":"DeleteReceived", "context":{"id":"e38b8058-b601-4856-b516-bf48d0e1bcfc", "isDeleted:":"true", "version":"1700915224855"}}
{"logTime": "0124/143107", "correlationVector":"QTgQRZtKnghejPoeI8C+xD.16","action":"GetUpdates", "result":"DeleteReceived", "context":{"id":"78fb533f-4e02-4414-a1d3-fa52c2b376b8", "isDeleted:":"true", "version":"1700916348389"}}
{"logTime": "0124/143107", "correlationVector":"QTgQRZtKnghejPoeI8C+xD.17","action":"GetUpdates", "result":"DeleteReceived", "context":{"id":"473c56d6-598c-4833-96d4-64b73d2c61fd", "isDeleted:":"true", "version":"1700916348391"}}
{"logTime": "0124/143107", "correlationVector":"QTgQRZtKnghejPoeI8C+xD.18","action":"GetUpdates", "result":"DeleteReceived", "context":{"id":"5c739218-8b17-467c-b118-a683d138679b", "isDeleted:":"true", "version":"1700916348393"}}
{"logTime": "0124/143107", "correlationVector":"QTgQRZtKnghejPoeI8C+xD.19","action":"GetUpdates", "result":"DeleteReceived", "context":{"id":"7ab96593-c91d-42f2-bbce-a81a7efd7c43", "isDeleted:":"true", "version":"1700916348395"}}
{"logTime": "0124/143107", "correlationVector":"QTgQRZtKnghejPoeI8C+xD.20","action":"GetUpdates", "result":"DeleteReceived", "context":{"id":"9b73233e-1db0-44d1-970f-41877ec32c33", "isDeleted:":"true", "version":"1700916348397"}}
{"logTime": "0124/143107", "correlationVector":"QTgQRZtKnghejPoeI8C+xD.21","action":"GetUpdates", "result":"DeleteReceived", "context":{"id":"5b8d8202-2b6a-42e8-afbf-14210244d340", "isDeleted:":"true", "version":"1700916348398"}}
{"logTime": "0124/143107", "correlationVector":"QTgQRZtKnghejPoeI8C+xD.22","action":"GetUpdates", "result":"DeleteReceived", "context":{"id":"4fcaaa2d-c426-4ae4-9c16-2aa107916e21", "isDeleted:":"true", "version":"1700916470087"}}
{"logTime": "0124/143107", "correlationVector":"QTgQRZtKnghejPoeI8C+xD.23","action":"GetUpdates", "result":"DeleteReceived", "context":{"id":"86f254c0-eb95-4afa-b9cd-74b4abb7f2bf", "isDeleted:":"true", "version":"1700916470088"}}
{"logTime": "0124/143107", "correlationVector":"QTgQRZtKnghejPoeI8C+xD.24","action":"GetUpdates", "result":"DeleteReceived", "context":{"id":"a3f121fc-6503-4770-b310-8db5f7e5ad1b", "isDeleted:":"true", "version":"1700916470089"}}
{"logTime": "0124/143107", "correlationVector":"QTgQRZtKnghejPoeI8C+xD.25","action":"GetUpdates", "result":"DeleteReceived", "context":{"id":"ae644c47-bee0-4313-926b-4583a4320aca", "isDeleted:":"true", "version":"1700916470090"}}
{"logTime": "0124/143107", "correlationVector":"QTgQRZtKnghejPoeI8C+xD.27","action":"GetUpdates", "result":"DeleteReceived", "context":{"id":"33b2ab11-9da0-4003-89a9-f1dcb304f1c1", "isDeleted:":"true", "version":"1700927395615"}}
{"logTime": "0124/143107", "correlationVector":"QTgQRZtKnghejPoeI8C+xD.28","action":"GetUpdates", "result":"DeleteReceived", "context":{"id":"5ae58108-0e17-4f2d-aaf7-86d9f78387ce", "isDeleted:":"true", "version":"1700928352856"}}
{"logTime": "0124/143107", "correlationVector":"QTgQRZtKnghejPoeI8C+xD.29","action":"GetUpdates", "result":"DeleteReceived", "context":{"id":"77388c93-cf9f-454d-beb5-73cc78bf72cc", "isDeleted:":"true", "version":"1700928352857"}}
{"logTime": "0124/143107", "correlationVector":"QTgQRZtKnghejPoeI8C+xD.30","action":"GetUpdates", "result":"DeleteReceived", "context":{"id":"fbfdb8fb-fe4b-4b53-8c27-8732765041c3", "isDeleted:":"true", "version":"1701240223974"}}
{"logTime": "0124/143107", "correlationVector":"QTgQRZtKnghejPoeI8C+xD.31","action":"GetUpdates", "result":"DeleteReceived", "context":{"id":"ec760b40-54e5-4721-b274-9bcbbdaeab33", "isDeleted:":"true", "version":"1701240223976"}}
{"logTime": "0124/143107", "correlationVector":"QTgQRZtKnghejPoeI8C+xD.32","action":"GetUpdates", "result":"DeleteReceived", "context":{"id":"940fe231-2854-4172-8bcf-6cc4f5d0b693", "isDeleted:":"true", "version":"1701413287034"}}
{"logTime": "0124/143107", "correlationVector":"QTgQRZtKnghejPoeI8C+xD.33","action":"GetUpdates", "result":"DeleteReceived", "context":{"id":"9873825d-ef42-4846-b340-877ca17771fd", "isDeleted:":"true", "version":"1701413287035"}}
{"logTime": "0124/143107", "correlationVector":"QTgQRZtKnghejPoeI8C+xD.34","action":"GetUpdates", "result":"DeleteReceived", "context":{"id":"945192e6-b517-4496-9c53-f8bf7cce05d2", "isDeleted:":"true", "version":"1701413287036"}}
{"logTime": "0124/143107", "correlationVector":"QTgQRZtKnghejPoeI8C+xD.35","action":"GetUpdates", "result":"DeleteReceived", "context":{"id":"ea301fa2-51dd-4f0d-ae71-2b58af8d203e", "isDeleted:":"true", "version":"1701413287037"}}
{"logTime": "0124/143107", "correlationVector":"QTgQRZtKnghejPoeI8C+xD.36","action":"GetUpdates", "result":"DeleteReceived", "context":{"id":"9e2e35cf-391a-4e79-b183-77bed225fdca", "isDeleted:":"true", "version":"1701413287038"}}
{"logTime": "0124/143107", "correlationVector":"QTgQRZtKnghejPoeI8C+xD.37","action":"GetUpdates", "result":"DeleteReceived", "context":{"id":"5926ab34-0d57-4009-ae74-e4ddf36d2496", "isDeleted:":"true", "version":"1701413287039"}}
{"logTime": "0124/143107", "correlationVector":"QTgQRZtKnghejPoeI8C+xD.38","action":"GetUpdates", "result":"DeleteReceived", "context":{"id":"cfd0843a-0b2d-4390-848d-8b5aacfec656", "isDeleted:":"true", "version":"1701441292658"}}
{"logTime": "0124/143107", "correlationVector":"QTgQRZtKnghejPoeI8C+xD.39","action":"GetUpdates", "result":"DeleteReceived", "context":{"id":"03ce262e-f9a5-4b58-aa66-35b252bc6af3", "isDeleted:":"true", "version":"1701449805083"}}
{"logTime": "0124/143107", "correlationVector":"QTgQRZtKnghejPoeI8C+xD.40","action":"GetUpdates", "result":"DeleteReceived", "context":{"id":"e2efcd6b-fb71-4790-ba0c-b0cebbd54a05", "isDeleted:":"true", "version":"1701450383873"}}
{"logTime": "0124/143107", "correlationVector":"QTgQRZtKnghejPoeI8C+xD.41","action":"GetUpdates", "result":"DeleteReceived", "context":{"id":"096504b1-cbfd-424c-b1c1-23c2cbc03a2a", "isDeleted:":"true", "version":"1701450383874"}}
{"logTime": "0124/143107", "correlationVector":"QTgQRZtKnghejPoeI8C+xD.42","action":"GetUpdates", "result":"DeleteReceived", "context":{"id":"57e46841-1f2f-42de-9ee9-cd1d1e0ac6a1", "isDeleted:":"true", "version":"1701450383875"}}
{"logTime": "0124/143107", "correlationVector":"QTgQRZtKnghejPoeI8C+xD.43","action":"GetUpdates", "result":"DeleteReceived", "context":{"id":"787de65c-0522-4b26-80cb-33e790f7851a", "isDeleted:":"true", "version":"1701450383876"}}
{"logTime": "0124/143107", "correlationVector":"QTgQRZtKnghejPoeI8C+xD.44","action":"GetUpdates", "result":"DeleteReceived", "context":{"id":"53a162ac-39d5-4bf0-bf1a-adb9df11b5ae", "isDeleted:":"true", "version":"1701450383877"}}
{"logTime": "0124/143107", "correlationVector":"QTgQRZtKnghejPoeI8C+xD.45","action":"GetUpdates", "result":"DeleteReceived", "context":{"id":"149979e5-0907-4681-b847-07eb7d56d4a6", "isDeleted:":"true", "version":"1701450383878"}}
{"logTime": "0124/143107", "correlationVector":"QTgQRZtKnghejPoeI8C+xD.46","action":"GetUpdates", "result":"DeleteReceived", "context":{"id":"ca3b300f-b390-43a7-9833-b2f2294ed5a2", "isDeleted:":"true", "version":"1701501310772"}}
{"logTime": "0124/143107", "correlationVector":"QTgQRZtKnghejPoeI8C+xD.47","action":"GetUpdates Response", "result":"SERVER_MORE_TO_DOWNLOAD", "context":Received 250 update(s).  Some updates remain.}
{"logTime": "0124/143107", "correlationVector":"J6hvvVK3qMNAnbKnSVt6iB","action":"Initial GetUpdates", "result":"", "context":Reason: NEWLY_SUPPORTED_DATATYPE. cV=J6hvvVK3qMNAnbKnSVt6iB}
{"logTime": "0124/143107", "correlationVector":"J6hvvVK3qMNAnbKnSVt6iB.1","action":"SyncServerConnectionManagerRequest", "result":"SYNC_SERVER_OK", "context":{"environment":"Prod_SoutheastAsia_000j", "migrationStage":"NotStarted", "server":"GENERAL0100000I"}}
{"logTime": "0124/143107", "correlationVector":"J6hvvVK3qMNAnbKnSVt6iB.2","action":"GetUpdates", "result":"DeleteReceived", "context":{"id":"8acb1564-c9d3-4520-ae66-456ef684f14a", "isDeleted:":"true", "version":"1702211025331"}}
{"logTime": "0124/143107", "correlationVector":"J6hvvVK3qMNAnbKnSVt6iB.3","action":"GetUpdates", "result":"DeleteReceived", "context":{"id":"84b8544f-5fd7-4d17-b085-06b538e5aa3b", "isDeleted:":"true", "version":"1702211025332"}}
{"logTime": "0124/143107", "correlationVector":"J6hvvVK3qMNAnbKnSVt6iB.4","action":"GetUpdates", "result":"DeleteReceived", "context":{"id":"0792869a-3399-44a4-818a-d3ed613303e6", "isDeleted:":"true", "version":"1702211025333"}}
{"logTime": "0124/143107", "correlationVector":"J6hvvVK3qMNAnbKnSVt6iB.5","action":"GetUpdates", "result":"DeleteReceived", "context":{"id":"e43bd697-721b-42b7-949a-592ac47b83cb", "isDeleted:":"true", "version":"1702211025334"}}
{"logTime": "0124/143107", "correlationVector":"J6hvvVK3qMNAnbKnSVt6iB.6","action":"GetUpdates", "result":"DeleteReceived", "context":{"id":"1ea680ae-07cc-4e42-9079-0f11120041c3", "isDeleted:":"true", "version":"1702211025335"}}
{"logTime": "0124/143107", "correlationVector":"J6hvvVK3qMNAnbKnSVt6iB.7","action":"GetUpdates", "result":"DeleteReceived", "context":{"id":"381f3890-da41-43c5-939f-29b579dbef43", "isDeleted:":"true", "version":"1702211025336"}}
{"logTime": "0124/143107", "correlationVector":"J6hvvVK3qMNAnbKnSVt6iB.8","action":"GetUpdates", "result":"DeleteReceived", "context":{"id":"8ebc6180-31d5-4e7f-bc2b-2506a36cd417", "isDeleted:":"true", "version":"1702211025337"}}
{"logTime": "0124/143107", "correlationVector":"J6hvvVK3qMNAnbKnSVt6iB.9","action":"GetUpdates", "result":"DeleteReceived", "context":{"id":"be91089a-93df-4026-b839-fe3612799b84", "isDeleted:":"true", "version":"1702211025338"}}
{"logTime": "0124/143107", "correlationVector":"J6hvvVK3qMNAnbKnSVt6iB.10","action":"GetUpdates", "result":"DeleteReceived", "context":{"id":"76502f60-9ba0-425b-80f2-8c6098df63f8", "isDeleted:":"true", "version":"1702211025339"}}
{"logTime": "0124/143107", "correlationVector":"J6hvvVK3qMNAnbKnSVt6iB.11","action":"GetUpdates", "result":"DeleteReceived", "context":{"id":"6f5c2c6a-bb36-4d26-91fd-7701daf273ea", "isDeleted:":"true", "version":"1702211025340"}}
{"logTime": "0124/143107", "correlationVector":"J6hvvVK3qMNAnbKnSVt6iB.12","action":"GetUpdates", "result":"DeleteReceived", "context":{"id":"b53fc0d6-e819-4c30-8163-acdc48058b0a", "isDeleted:":"true", "version":"1702211025341"}}
{"logTime": "0124/143107", "correlationVector":"J6hvvVK3qMNAnbKnSVt6iB.13","action":"GetUpdates", "result":"DeleteReceived", "context":{"id":"f67eaa68-374e-412a-a9ff-b3a9a9800e10", "isDeleted:":"true", "version":"1702211025342"}}
{"logTime": "0124/143107", "correlationVector":"J6hvvVK3qMNAnbKnSVt6iB.14","action":"GetUpdates", "result":"DeleteReceived", "context":{"id":"373bbc2b-7b15-4e90-9e86-121bc478ee46", "isDeleted:":"true", "version":"1702211025343"}}
{"logTime": "0124/143107", "correlationVector":"J6hvvVK3qMNAnbKnSVt6iB.15","action":"GetUpdates", "result":"DeleteReceived", "context":{"id":"93522dfa-f79b-4cd4-83ec-75a1372c96a3", "isDeleted:":"true", "version":"1702211025344"}}
{"logTime": "0124/143107", "correlationVector":"J6hvvVK3qMNAnbKnSVt6iB.16","action":"GetUpdates", "result":"DeleteReceived", "context":{"id":"b13d1324-f9d1-4543-9fa9-cd673775b622", "isDeleted:":"true", "version":"1702211025345"}}
{"logTime": "0124/143107", "correlationVector":"J6hvvVK3qMNAnbKnSVt6iB.17","action":"GetUpdates", "result":"DeleteReceived", "context":{"id":"98d09bc9-e6ea-4444-a6ea-6dec7b183021", "isDeleted:":"true", "version":"1702211025346"}}
{"logTime": "0124/143107", "correlationVector":"J6hvvVK3qMNAnbKnSVt6iB.18","action":"GetUpdates", "result":"DeleteReceived", "context":{"id":"ae00e62f-09ed-4985-b401-2216cb032412", "isDeleted:":"true", "version":"1702211025347"}}
{"logTime": "0124/143107", "correlationVector":"J6hvvVK3qMNAnbKnSVt6iB.19","action":"GetUpdates", "result":"DeleteReceived", "context":{"id":"12f1e33b-9ae2-4082-bf0c-995ad96aa07a", "isDeleted:":"true", "version":"1702211025348"}}
{"logTime": "0124/143107", "correlationVector":"J6hvvVK3qMNAnbKnSVt6iB.20","action":"GetUpdates", "result":"DeleteReceived", "context":{"id":"bffffdca-ce58-4023-bd29-fc6f324dfbbd", "isDeleted:":"true", "version":"1702211025349"}}
{"logTime": "0124/143107", "correlationVector":"J6hvvVK3qMNAnbKnSVt6iB.21","action":"GetUpdates", "result":"DeleteReceived", "context":{"id":"bdd530c0-389f-45ac-ba84-078fe2b61a0b", "isDeleted:":"true", "version":"1702211025350"}}
{"logTime": "0124/143107", "correlationVector":"J6hvvVK3qMNAnbKnSVt6iB.22","action":"GetUpdates", "result":"DeleteReceived", "context":{"id":"4dc39018-634d-40ad-b3b4-14042e01c2e3", "isDeleted:":"true", "version":"1701501310774"}}
{"logTime": "0124/143107", "correlationVector":"J6hvvVK3qMNAnbKnSVt6iB.23","action":"GetUpdates", "result":"DeleteReceived", "context":{"id":"ee4006b0-4950-4130-8689-9f57faba366e", "isDeleted:":"true", "version":"1701501310775"}}
{"logTime": "0124/143107", "correlationVector":"J6hvvVK3qMNAnbKnSVt6iB.24","action":"GetUpdates", "result":"DeleteReceived", "context":{"id":"e7f79f5f-5948-4386-be73-a208b58c9d1c", "isDeleted:":"true", "version":"1701501310777"}}
{"logTime": "0124/143107", "correlationVector":"J6hvvVK3qMNAnbKnSVt6iB.25","action":"GetUpdates", "result":"DeleteReceived", "context":{"id":"8c55d8e4-eee5-4b76-96b6-28cac6696b02", "isDeleted:":"true", "version":"1701501310778"}}
{"logTime": "0124/143107", "correlationVector":"J6hvvVK3qMNAnbKnSVt6iB.26","action":"GetUpdates", "result":"DeleteReceived", "context":{"id":"03e029c5-98de-4d6d-9b01-0fd9cecdc707", "isDeleted:":"true", "version":"1701501310779"}}
{"logTime": "0124/143107", "correlationVector":"J6hvvVK3qMNAnbKnSVt6iB.27","action":"GetUpdates", "result":"DeleteReceived", "context":{"id":"1fbbe9bc-9a18-4676-ade4-dd4e7d019aa3", "isDeleted:":"true", "version":"1701505266862"}}
{"logTime": "0124/143107", "correlationVector":"J6hvvVK3qMNAnbKnSVt6iB.28","action":"GetUpdates", "result":"DeleteReceived", "context":{"id":"726f504b-8a24-4069-ba30-7b9aaa6748ae", "isDeleted:":"true", "version":"1701505266863"}}
{"logTime": "0124/143107", "correlationVector":"J6hvvVK3qMNAnbKnSVt6iB.29","action":"GetUpdates", "result":"DeleteReceived", "context":{"id":"95052c52-ada0-48da-af4a-26d1ed51194a", "isDeleted:":"true", "version":"1701505266864"}}
{"logTime": "0124/143107", "correlationVector":"J6hvvVK3qMNAnbKnSVt6iB.30","action":"GetUpdates", "result":"DeleteReceived", "context":{"id":"ecf542f2-c05c-4ef7-a5d9-df2a8ef628ee", "isDeleted:":"true", "version":"1701505266865"}}
{"logTime": "0124/143107", "correlationVector":"J6hvvVK3qMNAnbKnSVt6iB.31","action":"GetUpdates", "result":"DeleteReceived", "context":{"id":"e54a4370-b1b4-4fbb-ac3a-2745b034a29f", "isDeleted:":"true", "version":"1701505266867"}}
{"logTime": "0124/143107", "correlationVector":"J6hvvVK3qMNAnbKnSVt6iB.32","action":"GetUpdates", "result":"DeleteReceived", "context":{"id":"d751da9b-d0a2-45f8-9e29-660db6fa5338", "isDeleted:":"true", "version":"1701505266868"}}
{"logTime": "0124/143107", "correlationVector":"J6hvvVK3qMNAnbKnSVt6iB.33","action":"GetUpdates", "result":"DeleteReceived", "context":{"id":"5d3fdf0b-d57c-46fd-87df-3ab6528f41f6", "isDeleted:":"true", "version":"1701505266869"}}
{"logTime": "0124/143107", "correlationVector":"J6hvvVK3qMNAnbKnSVt6iB.34","action":"GetUpdates", "result":"DeleteReceived", "context":{"id":"87685bda-9841-467e-9c2c-412eff6152a1", "isDeleted:":"true", "version":"1701505266870"}}
{"logTime": "0124/143107", "correlationVector":"J6hvvVK3qMNAnbKnSVt6iB.35","action":"GetUpdates", "result":"DeleteReceived", "context":{"id":"a17ef9f7-1af4-4e7d-b4a3-e9f6f4059553", "isDeleted:":"true", "version":"1701528685525"}}
{"logTime": "0124/143107", "correlationVector":"J6hvvVK3qMNAnbKnSVt6iB.36","action":"GetUpdates", "result":"DeleteReceived", "context":{"id":"56947abb-520a-4b3a-b15b-0a1caf0752af", "isDeleted:":"true", "version":"1701528685526"}}
{"logTime": "0124/143107", "correlationVector":"J6hvvVK3qMNAnbKnSVt6iB.37","action":"GetUpdates", "result":"DeleteReceived", "context":{"id":"13f2c27f-214b-42b1-b1ad-efc877e3d99d", "isDeleted:":"true", "version":"1701528685527"}}
{"logTime": "0124/143107", "correlationVector":"J6hvvVK3qMNAnbKnSVt6iB.38","action":"GetUpdates", "result":"DeleteReceived", "context":{"id":"82a6a217-df46-40fc-b0ef-385ae058caa7", "isDeleted:":"true", "version":"1701528685528"}}
{"logTime": "0124/143107", "correlationVector":"J6hvvVK3qMNAnbKnSVt6iB.39","action":"GetUpdates", "result":"DeleteReceived", "context":{"id":"5f42c70f-ab18-412d-a53a-45add1a94a71", "isDeleted:":"true", "version":"1701528685529"}}
{"logTime": "0124/143107", "correlationVector":"J6hvvVK3qMNAnbKnSVt6iB.40","action":"GetUpdates", "result":"DeleteReceived", "context":{"id":"4b9f79a5-9d3e-40c5-b22a-f2c38f661a30", "isDeleted:":"true", "version":"1701528685530"}}
{"logTime": "0124/143107", "correlationVector":"J6hvvVK3qMNAnbKnSVt6iB.41","action":"GetUpdates", "result":"DeleteReceived", "context":{"id":"5e76bd61-bacb-4533-aef6-c6f96ab9cf66", "isDeleted:":"true", "version":"1701531758737"}}
{"logTime": "0124/143107", "correlationVector":"J6hvvVK3qMNAnbKnSVt6iB.42","action":"GetUpdates", "result":"DeleteReceived", "context":{"id":"9e63fd83-7cd0-48de-bfed-d5b93e18ae2a", "isDeleted:":"true", "version":"1701531758740"}}
{"logTime": "0124/143107", "correlationVector":"J6hvvVK3qMNAnbKnSVt6iB.43","action":"GetUpdates", "result":"DeleteReceived", "context":{"id":"967356b0-783b-4946-8c72-cfd996b537f4", "isDeleted:":"true", "version":"1701531758741"}}
{"logTime": "0124/143107", "correlationVector":"J6hvvVK3qMNAnbKnSVt6iB.44","action":"GetUpdates", "result":"DeleteReceived", "context":{"id":"076c5c70-f120-463d-8373-c0f127c4af26", "isDeleted:":"true", "version":"1701531758742"}}
{"logTime": "0124/143107", "correlationVector":"J6hvvVK3qMNAnbKnSVt6iB.45","action":"GetUpdates", "result":"DeleteReceived", "context":{"id":"d81ddcca-a58d-433c-9d7c-0355774ef99f", "isDeleted:":"true", "version":"1701532059016"}}
{"logTime": "0124/143107", "correlationVector":"J6hvvVK3qMNAnbKnSVt6iB.46","action":"GetUpdates", "result":"DeleteReceived", "context":{"id":"91e68640-7151-456e-be27-eaf0eba3486e", "isDeleted:":"true", "version":"1701579719017"}}
{"logTime": "0124/143107", "correlationVector":"J6hvvVK3qMNAnbKnSVt6iB.47","action":"GetUpdates", "result":"DeleteReceived", "context":{"id":"070c7b14-6a06-4c4a-bd09-71ca277444d6", "isDeleted:":"true", "version":"1701579719018"}}
{"logTime": "0124/143107", "correlationVector":"J6hvvVK3qMNAnbKnSVt6iB.48","action":"GetUpdates", "result":"DeleteReceived", "context":{"id":"807f3e8b-5c6c-4a14-b2ea-a82a29a7414f", "isDeleted:":"true", "version":"1701579719019"}}
{"logTime": "0124/143107", "correlationVector":"J6hvvVK3qMNAnbKnSVt6iB.50","action":"GetUpdates", "result":"DeleteReceived", "context":{"id":"6da07a03-3424-407d-9f41-e45bfc490586", "isDeleted:":"true", "version":"1701579719022"}}
{"logTime": "0124/143107", "correlationVector":"J6hvvVK3qMNAnbKnSVt6iB.51","action":"GetUpdates", "result":"DeleteReceived", "context":{"id":"3aa1b228-ea80-4834-8309-bba1e7f672f8", "isDeleted:":"true", "version":"1701581346449"}}
{"logTime": "0124/143107", "correlationVector":"J6hvvVK3qMNAnbKnSVt6iB.53","action":"GetUpdates", "result":"DeleteReceived", "context":{"id":"a7b5c14e-4b19-4d69-8177-458028a5a524", "isDeleted:":"true", "version":"1701596777650"}}
{"logTime": "0124/143107", "correlationVector":"J6hvvVK3qMNAnbKnSVt6iB.54","action":"GetUpdates", "result":"DeleteReceived", "context":{"id":"77420a84-cf18-4fe8-9fce-9c6ac0e2e9d2", "isDeleted:":"true", "version":"1701598073081"}}
{"logTime": "0124/143107", "correlationVector":"J6hvvVK3qMNAnbKnSVt6iB.55","action":"GetUpdates", "result":"DeleteReceived", "context":{"id":"3734e0b2-ed45-4a1a-a9e3-77b34dd4ccfd", "isDeleted:":"true", "version":"1701598073082"}}
{"logTime": "0124/143107", "correlationVector":"J6hvvVK3qMNAnbKnSVt6iB.56","action":"GetUpdates", "result":"DeleteReceived", "context":{"id":"69f13d19-d35b-4d89-9d75-db8e5922d131", "isDeleted:":"true", "version":"1701598073084"}}
{"logTime": "0124/143107", "correlationVector":"J6hvvVK3qMNAnbKnSVt6iB.57","action":"GetUpdates", "result":"DeleteReceived", "context":{"id":"41bffd92-66bb-4075-981e-c97cf0642144", "isDeleted:":"true", "version":"1701598073087"}}
{"logTime": "0124/143107", "correlationVector":"J6hvvVK3qMNAnbKnSVt6iB.58","action":"GetUpdates", "result":"DeleteReceived", "context":{"id":"06b3ad3a-8a51-445a-8a90-f9ac2d5e6b6d", "isDeleted:":"true", "version":"1701608520798"}}
{"logTime": "0124/143107", "correlationVector":"J6hvvVK3qMNAnbKnSVt6iB.60","action":"GetUpdates", "result":"DeleteReceived", "context":{"id":"c8f68afb-506c-47bc-acdb-0183ff441d39", "isDeleted:":"true", "version":"1701608520800"}}
{"logTime": "0124/143107", "correlationVector":"J6hvvVK3qMNAnbKnSVt6iB.61","action":"GetUpdates", "result":"DeleteReceived", "context":{"id":"7ca5657b-058e-4245-9fc1-86e9a72669bd", "isDeleted:":"true", "version":"1701608520801"}}
{"logTime": "0124/143107", "correlationVector":"J6hvvVK3qMNAnbKnSVt6iB.63","action":"GetUpdates", "result":"DeleteReceived", "context":{"id":"23dd2060-087d-4d61-b285-71fea0d4afe7", "isDeleted:":"true", "version":"1701608520803"}}
{"logTime": "0124/143107", "correlationVector":"J6hvvVK3qMNAnbKnSVt6iB.64","action":"GetUpdates", "result":"DeleteReceived", "context":{"id":"ee894d7c-1f70-4bdd-af5c-b04753bc21bb", "isDeleted:":"true", "version":"1701608520806"}}
{"logTime": "0124/143107", "correlationVector":"J6hvvVK3qMNAnbKnSVt6iB.65","action":"GetUpdates", "result":"DeleteReceived", "context":{"id":"165e8523-8fec-4faf-8297-3b76c43e78db", "isDeleted:":"true", "version":"1701608520809"}}
{"logTime": "0124/143107", "correlationVector":"J6hvvVK3qMNAnbKnSVt6iB.66","action":"GetUpdates", "result":"DeleteReceived", "context":{"id":"e72d21e8-7fd3-401b-bb78-3793f92e6afe", "isDeleted:":"true", "version":"1701608520810"}}
{"logTime": "0124/143107", "correlationVector":"J6hvvVK3qMNAnbKnSVt6iB.67","action":"GetUpdates", "result":"DeleteReceived", "context":{"id":"9ba4568a-3339-4ca0-8a1b-9e3131b30f5d", "isDeleted:":"true", "version":"1701608520812"}}
{"logTime": "0124/143107", "correlationVector":"J6hvvVK3qMNAnbKnSVt6iB.68","action":"GetUpdates", "result":"DeleteReceived", "context":{"id":"fcb01e16-2633-4083-a7ba-128728718b0e", "isDeleted:":"true", "version":"1701608520813"}}
{"logTime": "0124/143107", "correlationVector":"J6hvvVK3qMNAnbKnSVt6iB.69","action":"GetUpdates", "result":"DeleteReceived", "context":{"id":"6c1ef84e-5789-4bcc-94f6-f6b7e90f3941", "isDeleted:":"true", "version":"1701608520814"}}
{"logTime": "0124/143107", "correlationVector":"J6hvvVK3qMNAnbKnSVt6iB.70","action":"GetUpdates", "result":"DeleteReceived", "context":{"id":"54d8a209-6203-4870-846c-9cd97e8088fd", "isDeleted:":"true", "version":"1701608520815"}}
{"logTime": "0124/143107", "correlationVector":"J6hvvVK3qMNAnbKnSVt6iB.71","action":"GetUpdates", "result":"DeleteReceived", "context":{"id":"bdcf17af-521c-488f-8fdc-654c40ff70ad", "isDeleted:":"true", "version":"1701608520816"}}
{"logTime": "0124/143107", "correlationVector":"J6hvvVK3qMNAnbKnSVt6iB.72","action":"GetUpdates", "result":"DeleteReceived", "context":{"id":"a1837c5d-77d9-44dc-9410-0b50b34c398a", "isDeleted:":"true", "version":"1701608520817"}}
{"logTime": "0124/143107", "correlationVector":"J6hvvVK3qMNAnbKnSVt6iB.73","action":"GetUpdates", "result":"DeleteReceived", "context":{"id":"4b4c3354-f0cd-4f85-b7f8-f22a364cc4e0", "isDeleted:":"true", "version":"1701608521743"}}
{"logTime": "0124/143107", "correlationVector":"J6hvvVK3qMNAnbKnSVt6iB.74","action":"GetUpdates", "result":"DeleteReceived", "context":{"id":"469cd9df-0e87-4c8d-bdd4-b33e7f270fb4", "isDeleted:":"true", "version":"1701608521744"}}
{"logTime": "0124/143107", "correlationVector":"J6hvvVK3qMNAnbKnSVt6iB.75","action":"GetUpdates", "result":"DeleteReceived", "context":{"id":"8b7ca5c4-985c-4ef9-bb56-d950a586e339", "isDeleted:":"true", "version":"1701608521747"}}
{"logTime": "0124/143107", "correlationVector":"J6hvvVK3qMNAnbKnSVt6iB.76","action":"GetUpdates", "result":"DeleteReceived", "context":{"id":"039d9c0e-dfd2-4638-bd75-eb01aa16a537", "isDeleted:":"true", "version":"1701608521750"}}
{"logTime": "0124/143107", "correlationVector":"J6hvvVK3qMNAnbKnSVt6iB.77","action":"GetUpdates", "result":"DeleteReceived", "context":{"id":"4fe177bf-56a3-47b2-a6aa-0c0e0e7ccafb", "isDeleted:":"true", "version":"1701608521752"}}
{"logTime": "0124/143107", "correlationVector":"J6hvvVK3qMNAnbKnSVt6iB.78","action":"GetUpdates", "result":"DeleteReceived", "context":{"id":"f06718d2-cce8-4c36-b99d-493d3c808cdb", "isDeleted:":"true", "version":"1701608521754"}}
{"logTime": "0124/143107", "correlationVector":"J6hvvVK3qMNAnbKnSVt6iB.79","action":"GetUpdates", "result":"DeleteReceived", "context":{"id":"5b6e9bd7-9b55-496a-b92c-6ae638081f27", "isDeleted:":"true", "version":"1701608521755"}}
{"logTime": "0124/143107", "correlationVector":"J6hvvVK3qMNAnbKnSVt6iB.80","action":"GetUpdates", "result":"DeleteReceived", "context":{"id":"d2061cf5-2796-48c3-a992-9594af85be18", "isDeleted:":"true", "version":"1701786009528"}}
{"logTime": "0124/143107", "correlationVector":"J6hvvVK3qMNAnbKnSVt6iB.81","action":"GetUpdates", "result":"DeleteReceived", "context":{"id":"ab3764f0-166f-4857-9d42-1c4720b5b4c0", "isDeleted:":"true", "version":"1701786009529"}}
{"logTime": "0124/143107", "correlationVector":"J6hvvVK3qMNAnbKnSVt6iB.82","action":"GetUpdates", "result":"DeleteReceived", "context":{"id":"1f2abee1-f0a8-4c67-a951-841f99396a63", "isDeleted:":"true", "version":"1701786009531"}}
{"logTime": "0124/143107", "correlationVector":"J6hvvVK3qMNAnbKnSVt6iB.83","action":"GetUpdates", "result":"DeleteReceived", "context":{"id":"bcb56ba0-edf7-4faa-9b54-d5623781dd08", "isDeleted:":"true", "version":"1701786009532"}}
{"logTime": "0124/143107", "correlationVector":"J6hvvVK3qMNAnbKnSVt6iB.84","action":"GetUpdates", "result":"DeleteReceived", "context":{"id":"60fe1586-a06e-4d28-9bc2-4fad8104cd50", "isDeleted:":"true", "version":"1701786009533"}}
{"logTime": "0124/143107", "correlationVector":"J6hvvVK3qMNAnbKnSVt6iB.85","action":"GetUpdates", "result":"DeleteReceived", "context":{"id":"d42bc8f0-008e-46be-be54-f6f500b72f74", "isDeleted:":"true", "version":"1701786009534"}}
{"logTime": "0124/143107", "correlationVector":"J6hvvVK3qMNAnbKnSVt6iB.86","action":"GetUpdates", "result":"DeleteReceived", "context":{"id":"3309662d-598f-4e8c-9cf6-f33aab6a0366", "isDeleted:":"true", "version":"1701786009535"}}
{"logTime": "0124/143107", "correlationVector":"J6hvvVK3qMNAnbKnSVt6iB.87","action":"GetUpdates", "result":"DeleteReceived", "context":{"id":"ac6d196a-623c-4680-89ce-2e6df5d715a1", "isDeleted:":"true", "version":"1701786009536"}}
{"logTime": "0124/143107", "correlationVector":"J6hvvVK3qMNAnbKnSVt6iB.88","action":"GetUpdates", "result":"DeleteReceived", "context":{"id":"44911535-8fb7-4c59-9a33-2776f57243b3", "isDeleted:":"true", "version":"1701786009537"}}
{"logTime": "0124/143107", "correlationVector":"J6hvvVK3qMNAnbKnSVt6iB.89","action":"GetUpdates", "result":"DeleteReceived", "context":{"id":"a645fe9d-1bd2-4bc5-994e-b3efd8c81218", "isDeleted:":"true", "version":"1701786009538"}}
{"logTime": "0124/143107", "correlationVector":"J6hvvVK3qMNAnbKnSVt6iB.90","action":"GetUpdates", "result":"DeleteReceived", "context":{"id":"9f52187f-6937-4d22-ac6d-2f8782fc8ecf", "isDeleted:":"true", "version":"1701786009539"}}
{"logTime": "0124/143107", "correlationVector":"J6hvvVK3qMNAnbKnSVt6iB.91","action":"GetUpdates", "result":"DeleteReceived", "context":{"id":"33675a83-5dd1-4aa7-b3c2-712f289fb950", "isDeleted:":"true", "version":"1701786009540"}}
{"logTime": "0124/143107", "correlationVector":"J6hvvVK3qMNAnbKnSVt6iB.92","action":"GetUpdates", "result":"DeleteReceived", "context":{"id":"61ebbbfc-f641-412e-b8f7-86d0ce8be805", "isDeleted:":"true", "version":"1701786009541"}}
{"logTime": "0124/143107", "correlationVector":"J6hvvVK3qMNAnbKnSVt6iB.93","action":"GetUpdates", "result":"DeleteReceived", "context":{"id":"28fb9d77-355c-4ef8-b81e-9144660d2b00", "isDeleted:":"true", "version":"1701786009542"}}
{"logTime": "0124/143107", "correlationVector":"J6hvvVK3qMNAnbKnSVt6iB.94","action":"GetUpdates", "result":"DeleteReceived", "context":{"id":"2fb18c47-7400-4348-91ed-cd45f38940e5", "isDeleted:":"true", "version":"1701786009543"}}
{"logTime": "0124/143107", "correlationVector":"J6hvvVK3qMNAnbKnSVt6iB.95","action":"GetUpdates", "result":"DeleteReceived", "context":{"id":"1934c44a-f73d-45a2-abe1-535f5bd83b1d", "isDeleted:":"true", "version":"1701786009545"}}
{"logTime": "0124/143107", "correlationVector":"J6hvvVK3qMNAnbKnSVt6iB.96","action":"GetUpdates", "result":"DeleteReceived", "context":{"id":"0b3de146-0766-4126-96dc-6e08aabdc336", "isDeleted:":"true", "version":"1701786009546"}}
{"logTime": "0124/143107", "correlationVector":"J6hvvVK3qMNAnbKnSVt6iB.97","action":"GetUpdates", "result":"DeleteReceived", "context":{"id":"b7954984-a343-4506-8b7b-cacdae4f9fbf", "isDeleted:":"true", "version":"1701786009547"}}
{"logTime": "0124/143107", "correlationVector":"J6hvvVK3qMNAnbKnSVt6iB.98","action":"GetUpdates", "result":"DeleteReceived", "context":{"id":"c4cbae80-d2e6-402e-810b-43d7e6ae6ccf", "isDeleted:":"true", "version":"1701786010988"}}
{"logTime": "0124/143107", "correlationVector":"J6hvvVK3qMNAnbKnSVt6iB.100","action":"GetUpdates", "result":"DeleteReceived", "context":{"id":"e396ad6b-4165-469e-b22c-30ba75209619", "isDeleted:":"true", "version":"1701786741017"}}
{"logTime": "0124/143107", "correlationVector":"J6hvvVK3qMNAnbKnSVt6iB.101","action":"GetUpdates", "result":"DeleteReceived", "context":{"id":"f143c0e4-8d46-42c3-ba5b-d8b1b2f47803", "isDeleted:":"true", "version":"1702058834679"}}
{"logTime": "0124/143107", "correlationVector":"J6hvvVK3qMNAnbKnSVt6iB.102","action":"GetUpdates", "result":"DeleteReceived", "context":{"id":"93f12c54-b7c2-4eee-b0e2-ab7a10daf892", "isDeleted:":"true", "version":"1702058834680"}}
{"logTime": "0124/143107", "correlationVector":"J6hvvVK3qMNAnbKnSVt6iB.103","action":"GetUpdates", "result":"DeleteReceived", "context":{"id":"a590a58e-2783-4628-a5c5-da2e87186b40", "isDeleted:":"true", "version":"1702058834681"}}
{"logTime": "0124/143107", "correlationVector":"J6hvvVK3qMNAnbKnSVt6iB.105","action":"GetUpdates", "result":"DeleteReceived", "context":{"id":"1dad14a5-fd54-484b-b3d6-2b7f7453a5af", "isDeleted:":"true", "version":"1702058834683"}}
{"logTime": "0124/143107", "correlationVector":"J6hvvVK3qMNAnbKnSVt6iB.106","action":"GetUpdates", "result":"DeleteReceived", "context":{"id":"39e40450-15c1-4186-9b37-4aa65cbe24a0", "isDeleted:":"true", "version":"1702210687268"}}
{"logTime": "0124/143107", "correlationVector":"J6hvvVK3qMNAnbKnSVt6iB.107","action":"GetUpdates", "result":"DeleteReceived", "context":{"id":"bf2864f0-62d2-4df5-a9bb-5775f6cfa862", "isDeleted:":"true", "version":"1702210687270"}}
{"logTime": "0124/143107", "correlationVector":"J6hvvVK3qMNAnbKnSVt6iB.108","action":"GetUpdates", "result":"DeleteReceived", "context":{"id":"491363f7-3b7d-46da-be76-bdac9c2f0cd6", "isDeleted:":"true", "version":"1702210687271"}}
{"logTime": "0124/143107", "correlationVector":"J6hvvVK3qMNAnbKnSVt6iB.109","action":"GetUpdates", "result":"DeleteReceived", "context":{"id":"3bb5cc32-a880-4969-91a3-2aac9e34b940", "isDeleted:":"true", "version":"1702211093620"}}
{"logTime": "0124/143107", "correlationVector":"J6hvvVK3qMNAnbKnSVt6iB.110","action":"GetUpdates", "result":"DeleteReceived", "context":{"id":"1e59df50-54f3-4160-b672-ecb0fd228726", "isDeleted:":"true", "version":"1702211093621"}}
{"logTime": "0124/143107", "correlationVector":"J6hvvVK3qMNAnbKnSVt6iB.111","action":"GetUpdates", "result":"DeleteReceived", "context":{"id":"63d624a8-d8bb-4452-bc88-19d794149ac9", "isDeleted:":"true", "version":"1702211093622"}}
{"logTime": "0124/143107", "correlationVector":"J6hvvVK3qMNAnbKnSVt6iB.112","action":"GetUpdates", "result":"DeleteReceived", "context":{"id":"a94236cb-3d36-4ad9-95c9-6347b8cf0671", "isDeleted:":"true", "version":"1702211853535"}}
{"logTime": "0124/143107", "correlationVector":"J6hvvVK3qMNAnbKnSVt6iB.113","action":"GetUpdates", "result":"DeleteReceived", "context":{"id":"1744721b-c685-444a-8130-3380d68c3423", "isDeleted:":"true", "version":"1702211853536"}}
{"logTime": "0124/143107", "correlationVector":"J6hvvVK3qMNAnbKnSVt6iB.114","action":"GetUpdates", "result":"DeleteReceived", "context":{"id":"99a6bdd6-f325-4eb3-98f7-7d96ce7552d1", "isDeleted:":"true", "version":"1702224574769"}}
{"logTime": "0124/143107", "correlationVector":"J6hvvVK3qMNAnbKnSVt6iB.115","action":"GetUpdates", "result":"DeleteReceived", "context":{"id":"b28b4714-9cad-4c4d-b138-28774f59409d", "isDeleted:":"true", "version":"1702224574770"}}
{"logTime": "0124/143107", "correlationVector":"J6hvvVK3qMNAnbKnSVt6iB.116","action":"GetUpdates", "result":"DeleteReceived", "context":{"id":"04e836ed-0d9c-4fa0-b9ac-83d1d5320c93", "isDeleted:":"true", "version":"1702228474848"}}
{"logTime": "0124/143107", "correlationVector":"J6hvvVK3qMNAnbKnSVt6iB.117","action":"GetUpdates", "result":"DeleteReceived", "context":{"id":"56aaece1-d4fd-4316-a258-03650cc81ce3", "isDeleted:":"true", "version":"1702320646252"}}
{"logTime": "0124/143107", "correlationVector":"J6hvvVK3qMNAnbKnSVt6iB.118","action":"GetUpdates", "result":"DeleteReceived", "context":{"id":"ce9e4922-b06c-4f85-bb42-674071f9409c", "isDeleted:":"true", "version":"1702320646253"}}
{"logTime": "0124/143107", "correlationVector":"J6hvvVK3qMNAnbKnSVt6iB.119","action":"GetUpdates", "result":"DeleteReceived", "context":{"id":"046e8c92-bd3e-46b0-9a06-24625f4b90dc", "isDeleted:":"true", "version":"1702320646254"}}
{"logTime": "0124/143107", "correlationVector":"J6hvvVK3qMNAnbKnSVt6iB.120","action":"GetUpdates", "result":"DeleteReceived", "context":{"id":"0152e39f-5ef1-4099-820e-46c2af9117e1", "isDeleted:":"true", "version":"1702320866976"}}
{"logTime": "0124/143107", "correlationVector":"J6hvvVK3qMNAnbKnSVt6iB.121","action":"GetUpdates", "result":"DeleteReceived", "context":{"id":"d0c03491-5532-4c4e-ac82-c9230271903c", "isDeleted:":"true", "version":"1702320890709"}}
{"logTime": "0124/143107", "correlationVector":"J6hvvVK3qMNAnbKnSVt6iB.122","action":"GetUpdates", "result":"DeleteReceived", "context":{"id":"dee966b2-66be-48be-8580-a2ae978fc857", "isDeleted:":"true", "version":"1703001418666"}}
{"logTime": "0124/143107", "correlationVector":"J6hvvVK3qMNAnbKnSVt6iB.123","action":"GetUpdates", "result":"DeleteReceived", "context":{"id":"54c74a97-5107-4b2c-9f89-351de1cfb400", "isDeleted:":"true", "version":"1703001418667"}}
{"logTime": "0124/143107", "correlationVector":"J6hvvVK3qMNAnbKnSVt6iB.124","action":"GetUpdates", "result":"DeleteReceived", "context":{"id":"c86bf335-17f5-4916-ba54-656267715253", "isDeleted:":"true", "version":"1703001418669"}}
{"logTime": "0124/143107", "correlationVector":"J6hvvVK3qMNAnbKnSVt6iB.125","action":"GetUpdates", "result":"DeleteReceived", "context":{"id":"de8fd97d-ea69-4261-8d01-cc84c6f14793", "isDeleted:":"true", "version":"1703080635446"}}
{"logTime": "0124/143107", "correlationVector":"J6hvvVK3qMNAnbKnSVt6iB.126","action":"GetUpdates", "result":"DeleteReceived", "context":{"id":"148c49d5-3c53-411e-adb3-27cf039d68a5", "isDeleted:":"true", "version":"1703082252570"}}
{"logTime": "0124/143107", "correlationVector":"J6hvvVK3qMNAnbKnSVt6iB.127","action":"GetUpdates", "result":"DeleteReceived", "context":{"id":"98f628d8-b657-46a3-9d78-40269dd256ff", "isDeleted:":"true", "version":"1703082252571"}}
{"logTime": "0124/143107", "correlationVector":"J6hvvVK3qMNAnbKnSVt6iB.128","action":"GetUpdates", "result":"DeleteReceived", "context":{"id":"6b4129f7-794c-49f0-b177-ebd2ff63d3b6", "isDeleted:":"true", "version":"1703082887281"}}
{"logTime": "0124/143107", "correlationVector":"J6hvvVK3qMNAnbKnSVt6iB.129","action":"GetUpdates", "result":"DeleteReceived", "context":{"id":"4eb99b9b-c0f2-4b58-a44d-68be25708b6e", "isDeleted:":"true", "version":"1703082887284"}}
{"logTime": "0124/143107", "correlationVector":"J6hvvVK3qMNAnbKnSVt6iB.131","action":"GetUpdates", "result":"DeleteReceived", "context":{"id":"1ed9dd86-07c0-4982-a717-52cc9a41aac9", "isDeleted:":"true", "version":"1703088286879"}}
{"logTime": "0124/143107", "correlationVector":"J6hvvVK3qMNAnbKnSVt6iB.132","action":"GetUpdates", "result":"DeleteReceived", "context":{"id":"7774eedb-8ec6-4927-897e-ec7df83b7db0", "isDeleted:":"true", "version":"1703130816227"}}
{"logTime": "0124/143107", "correlationVector":"J6hvvVK3qMNAnbKnSVt6iB.133","action":"GetUpdates", "result":"DeleteReceived", "context":{"id":"f2b3daee-d64a-4b99-b5df-a561a044adea", "isDeleted:":"true", "version":"1703130816228"}}
{"logTime": "0124/143107", "correlationVector":"J6hvvVK3qMNAnbKnSVt6iB.134","action":"GetUpdates", "result":"DeleteReceived", "context":{"id":"f77c458b-ba59-4d2d-870e-8a925e472bf2", "isDeleted:":"true", "version":"1703130816230"}}
{"logTime": "0124/143107", "correlationVector":"J6hvvVK3qMNAnbKnSVt6iB.136","action":"GetUpdates", "result":"DeleteReceived", "context":{"id":"cc1453b8-54a8-4ae8-9a3b-e259eb59341c", "isDeleted:":"true", "version":"1703130816232"}}
{"logTime": "0124/143107", "correlationVector":"J6hvvVK3qMNAnbKnSVt6iB.137","action":"GetUpdates", "result":"DeleteReceived", "context":{"id":"27f07eb4-3d91-4499-8aef-f2762a0f4794", "isDeleted:":"true", "version":"1703130816233"}}
{"logTime": "0124/143107", "correlationVector":"J6hvvVK3qMNAnbKnSVt6iB.138","action":"GetUpdates", "result":"DeleteReceived", "context":{"id":"dd1459ab-6643-4fed-b7f1-6e44f9f963dc", "isDeleted:":"true", "version":"1703130816234"}}
{"logTime": "0124/143107", "correlationVector":"J6hvvVK3qMNAnbKnSVt6iB.139","action":"GetUpdates", "result":"DeleteReceived", "context":{"id":"2599e1ae-270c-48a9-8595-a8921d3c780e", "isDeleted:":"true", "version":"1703130816235"}}
{"logTime": "0124/143107", "correlationVector":"J6hvvVK3qMNAnbKnSVt6iB.140","action":"GetUpdates", "result":"DeleteReceived", "context":{"id":"7e914ef8-0cfe-45ad-a67d-ad91f414d3a5", "isDeleted:":"true", "version":"1703130816236"}}
{"logTime": "0124/143107", "correlationVector":"J6hvvVK3qMNAnbKnSVt6iB.141","action":"GetUpdates", "result":"DeleteReceived", "context":{"id":"738e229a-5f81-4151-abc1-470f53ee6135", "isDeleted:":"true", "version":"1703130816237"}}
{"logTime": "0124/143107", "correlationVector":"J6hvvVK3qMNAnbKnSVt6iB.142","action":"GetUpdates", "result":"DeleteReceived", "context":{"id":"8e6565e5-f0fc-4600-970e-7c2c726206e0", "isDeleted:":"true", "version":"1703130816238"}}
{"logTime": "0124/143107", "correlationVector":"J6hvvVK3qMNAnbKnSVt6iB.143","action":"GetUpdates", "result":"DeleteReceived", "context":{"id":"87ab8aff-5282-49ac-bb49-685d24f5d397", "isDeleted:":"true", "version":"1703130816239"}}
{"logTime": "0124/143107", "correlationVector":"J6hvvVK3qMNAnbKnSVt6iB.144","action":"GetUpdates", "result":"DeleteReceived", "context":{"id":"2bd4de1f-0cdc-4c27-a4b5-9cca903f5fdb", "isDeleted:":"true", "version":"1703130816240"}}
{"logTime": "0124/143107", "correlationVector":"J6hvvVK3qMNAnbKnSVt6iB.145","action":"GetUpdates", "result":"DeleteReceived", "context":{"id":"0c5cc404-cc21-4b7b-84ce-3f29be73c4f6", "isDeleted:":"true", "version":"1703130816241"}}
{"logTime": "0124/143107", "correlationVector":"J6hvvVK3qMNAnbKnSVt6iB.146","action":"GetUpdates", "result":"DeleteReceived", "context":{"id":"48e30b53-014b-47aa-9cb5-0f90596fdcc1", "isDeleted:":"true", "version":"1703245597307"}}
{"logTime": "0124/143107", "correlationVector":"J6hvvVK3qMNAnbKnSVt6iB.147","action":"GetUpdates", "result":"DeleteReceived", "context":{"id":"03088789-3223-4d9e-baea-189c0757df51", "isDeleted:":"true", "version":"1703245597308"}}
{"logTime": "0124/143107", "correlationVector":"J6hvvVK3qMNAnbKnSVt6iB.148","action":"GetUpdates", "result":"DeleteReceived", "context":{"id":"dc9555a5-6ae4-4099-aa2f-170fbf9fe1ef", "isDeleted:":"true", "version":"1703245597311"}}
{"logTime": "0124/143107", "correlationVector":"J6hvvVK3qMNAnbKnSVt6iB.149","action":"GetUpdates", "result":"DeleteReceived", "context":{"id":"bb41bbcf-3f12-49e6-8a17-66d8839abac3", "isDeleted:":"true", "version":"1703245597315"}}
{"logTime": "0124/143107", "correlationVector":"J6hvvVK3qMNAnbKnSVt6iB.150","action":"GetUpdates", "result":"DeleteReceived", "context":{"id":"7689138f-6760-467b-951d-3990c739db9a", "isDeleted:":"true", "version":"1703245597317"}}
{"logTime": "0124/143107", "correlationVector":"J6hvvVK3qMNAnbKnSVt6iB.151","action":"GetUpdates", "result":"DeleteReceived", "context":{"id":"7811f8a0-42cd-4547-afb3-0bc260dcc701", "isDeleted:":"true", "version":"1703245597318"}}
{"logTime": "0124/143107", "correlationVector":"J6hvvVK3qMNAnbKnSVt6iB.152","action":"GetUpdates", "result":"DeleteReceived", "context":{"id":"8b6380c2-1a2e-4bbc-a42b-e0fff6ab1f57", "isDeleted:":"true", "version":"1703245597320"}}
{"logTime": "0124/143107", "correlationVector":"J6hvvVK3qMNAnbKnSVt6iB.153","action":"GetUpdates", "result":"DeleteReceived", "context":{"id":"56ac63cd-cb40-4e00-8815-94022aa56d15", "isDeleted:":"true", "version":"1703245597323"}}
{"logTime": "0124/143107", "correlationVector":"J6hvvVK3qMNAnbKnSVt6iB.154","action":"GetUpdates", "result":"DeleteReceived", "context":{"id":"a8a1b70d-c98b-465f-8882-5cbefe2ccd8a", "isDeleted:":"true", "version":"1703245598013"}}
{"logTime": "0124/143107", "correlationVector":"J6hvvVK3qMNAnbKnSVt6iB.156","action":"GetUpdates", "result":"DeleteReceived", "context":{"id":"a9f3c561-2a75-4e3b-89c9-1c3f3674e816", "isDeleted:":"true", "version":"1703245598017"}}
{"logTime": "0124/143107", "correlationVector":"J6hvvVK3qMNAnbKnSVt6iB.157","action":"GetUpdates", "result":"DeleteReceived", "context":{"id":"2811a746-2fb3-4ecb-8539-f69c64cdd3c7", "isDeleted:":"true", "version":"1703245598018"}}
{"logTime": "0124/143107", "correlationVector":"J6hvvVK3qMNAnbKnSVt6iB.158","action":"GetUpdates", "result":"DeleteReceived", "context":{"id":"d59f1f86-05c4-4055-baa2-5dc3aa20efa4", "isDeleted:":"true", "version":"1703245598020"}}
{"logTime": "0124/143107", "correlationVector":"J6hvvVK3qMNAnbKnSVt6iB.159","action":"GetUpdates", "result":"DeleteReceived", "context":{"id":"636e3c2f-ed01-43a0-926e-3d40706e8fca", "isDeleted:":"true", "version":"1703245598022"}}
{"logTime": "0124/143107", "correlationVector":"J6hvvVK3qMNAnbKnSVt6iB.160","action":"GetUpdates", "result":"DeleteReceived", "context":{"id":"0831544b-a1fa-44d9-83a0-5d3dbf305dbe", "isDeleted:":"true", "version":"1703245598024"}}
{"logTime": "0124/143107", "correlationVector":"J6hvvVK3qMNAnbKnSVt6iB.161","action":"GetUpdates", "result":"DeleteReceived", "context":{"id":"f5527f9c-47e4-4df1-a6cf-a56560a8996e", "isDeleted:":"true", "version":"1703245598025"}}
{"logTime": "0124/143107", "correlationVector":"J6hvvVK3qMNAnbKnSVt6iB.162","action":"GetUpdates", "result":"DeleteReceived", "context":{"id":"09a9da90-8ebb-4477-9cfc-5fec195a8c02", "isDeleted:":"true", "version":"1703245598027"}}
{"logTime": "0124/143107", "correlationVector":"J6hvvVK3qMNAnbKnSVt6iB.163","action":"GetUpdates", "result":"DeleteReceived", "context":{"id":"e27acc2a-59d8-4745-83cb-fefe4925a363", "isDeleted:":"true", "version":"1703245598028"}}
{"logTime": "0124/143107", "correlationVector":"J6hvvVK3qMNAnbKnSVt6iB.164","action":"GetUpdates", "result":"DeleteReceived", "context":{"id":"c6b4d2e5-e3e8-44fb-986e-18f3403093a4", "isDeleted:":"true", "version":"1703245598030"}}
{"logTime": "0124/143107", "correlationVector":"J6hvvVK3qMNAnbKnSVt6iB.165","action":"GetUpdates", "result":"DeleteReceived", "context":{"id":"cbb970eb-131c-412a-ba8e-12b44e88d4f5", "isDeleted:":"true", "version":"1703245895344"}}
{"logTime": "0124/143107", "correlationVector":"J6hvvVK3qMNAnbKnSVt6iB.166","action":"GetUpdates", "result":"DeleteReceived", "context":{"id":"ed075951-f655-4e5d-aae5-f60bb8f74878", "isDeleted:":"true", "version":"1703358568380"}}
{"logTime": "0124/143107", "correlationVector":"J6hvvVK3qMNAnbKnSVt6iB.167","action":"GetUpdates", "result":"DeleteReceived", "context":{"id":"59fbf3ba-1b8a-42dd-899a-071db1541b69", "isDeleted:":"true", "version":"1703358568381"}}
{"logTime": "0124/143107", "correlationVector":"J6hvvVK3qMNAnbKnSVt6iB.168","action":"GetUpdates", "result":"DeleteReceived", "context":{"id":"c04ae937-6e9b-4f67-a586-b821579eb145", "isDeleted:":"true", "version":"1703358568382"}}
{"logTime": "0124/143107", "correlationVector":"J6hvvVK3qMNAnbKnSVt6iB.169","action":"GetUpdates", "result":"DeleteReceived", "context":{"id":"306a0a8e-10cd-4433-bfcd-9c3687fa0725", "isDeleted:":"true", "version":"1703358568384"}}
{"logTime": "0124/143107", "correlationVector":"J6hvvVK3qMNAnbKnSVt6iB.170","action":"GetUpdates", "result":"DeleteReceived", "context":{"id":"9102041d-a73e-423d-8adf-0b5e3927385d", "isDeleted:":"true", "version":"1703358568385"}}
{"logTime": "0124/143107", "correlationVector":"J6hvvVK3qMNAnbKnSVt6iB.171","action":"GetUpdates", "result":"DeleteReceived", "context":{"id":"33e1a38e-617b-4baa-bd1d-1287ede75bbd", "isDeleted:":"true", "version":"1703358568386"}}
{"logTime": "0124/143107", "correlationVector":"J6hvvVK3qMNAnbKnSVt6iB.172","action":"GetUpdates", "result":"DeleteReceived", "context":{"id":"56ca2b9b-9669-4545-9d3c-2d353b8c453f", "isDeleted:":"true", "version":"1703358568387"}}
{"logTime": "0124/143107", "correlationVector":"J6hvvVK3qMNAnbKnSVt6iB.173","action":"GetUpdates", "result":"DeleteReceived", "context":{"id":"59c5a2fa-7339-4148-8404-b8d92ca3de93", "isDeleted:":"true", "version":"1703358568388"}}
{"logTime": "0124/143107", "correlationVector":"J6hvvVK3qMNAnbKnSVt6iB.174","action":"GetUpdates", "result":"DeleteReceived", "context":{"id":"3d2a09bc-90e2-4dcd-a5f3-6ef1fb7b6cc0", "isDeleted:":"true", "version":"1703358568389"}}
{"logTime": "0124/143107", "correlationVector":"J6hvvVK3qMNAnbKnSVt6iB.175","action":"GetUpdates", "result":"DeleteReceived", "context":{"id":"be052ede-277b-4599-a79f-c5e56b6a957c", "isDeleted:":"true", "version":"1703358568390"}}
{"logTime": "0124/143107", "correlationVector":"J6hvvVK3qMNAnbKnSVt6iB.176","action":"GetUpdates", "result":"DeleteReceived", "context":{"id":"d785483e-b4ae-4af7-aa7b-544b5899f5dd", "isDeleted:":"true", "version":"1703358568391"}}
{"logTime": "0124/143107", "correlationVector":"J6hvvVK3qMNAnbKnSVt6iB.177","action":"GetUpdates", "result":"DeleteReceived", "context":{"id":"7fa1e70a-8511-44eb-91ef-cb715833a9ee", "isDeleted:":"true", "version":"1703358568392"}}
{"logTime": "0124/143107", "correlationVector":"J6hvvVK3qMNAnbKnSVt6iB.178","action":"GetUpdates", "result":"DeleteReceived", "context":{"id":"391cfc1a-7bce-4403-8e8e-d503a446a22c", "isDeleted:":"true", "version":"1703358568393"}}
{"logTime": "0124/143107", "correlationVector":"J6hvvVK3qMNAnbKnSVt6iB.180","action":"GetUpdates", "result":"DeleteReceived", "context":{"id":"4de3d7b6-b424-4866-9bfa-13920070f406", "isDeleted:":"true", "version":"1703358568395"}}
{"logTime": "0124/143107", "correlationVector":"J6hvvVK3qMNAnbKnSVt6iB.181","action":"GetUpdates", "result":"DeleteReceived", "context":{"id":"4c4d90f7-4238-4adb-a3a0-c69f1abd17a8", "isDeleted:":"true", "version":"1703358568397"}}
{"logTime": "0124/143107", "correlationVector":"J6hvvVK3qMNAnbKnSVt6iB.182","action":"GetUpdates", "result":"DeleteReceived", "context":{"id":"24f90c5c-52e4-4192-8844-e0c25fc4ee50", "isDeleted:":"true", "version":"1703358568398"}}
{"logTime": "0124/143107", "correlationVector":"J6hvvVK3qMNAnbKnSVt6iB.183","action":"GetUpdates", "result":"DeleteReceived", "context":{"id":"aabf3c8f-b3e1-4aaf-a4c8-a30952c20ff8", "isDeleted:":"true", "version":"1703358568399"}}
{"logTime": "0124/143107", "correlationVector":"J6hvvVK3qMNAnbKnSVt6iB.184","action":"GetUpdates", "result":"DeleteReceived", "context":{"id":"a8d914bd-54f8-4016-90ef-a4e0183a6136", "isDeleted:":"true", "version":"1704202721039"}}
{"logTime": "0124/143107", "correlationVector":"J6hvvVK3qMNAnbKnSVt6iB.185","action":"GetUpdates", "result":"DeleteReceived", "context":{"id":"43588bb7-d40d-4fad-95d0-a4d9cf94c091", "isDeleted:":"true", "version":"1704202721041"}}
{"logTime": "0124/143107", "correlationVector":"J6hvvVK3qMNAnbKnSVt6iB.186","action":"GetUpdates", "result":"DeleteReceived", "context":{"id":"0b0a25bf-92fc-45f3-8aa1-230cc45c26a5", "isDeleted:":"true", "version":"1704202721042"}}
{"logTime": "0124/143107", "correlationVector":"J6hvvVK3qMNAnbKnSVt6iB.187","action":"GetUpdates", "result":"DeleteReceived", "context":{"id":"93cd814c-f0ba-45c8-bbdb-052e44d9f42c", "isDeleted:":"true", "version":"1704202721043"}}
{"logTime": "0124/143107", "correlationVector":"J6hvvVK3qMNAnbKnSVt6iB.188","action":"GetUpdates", "result":"DeleteReceived", "context":{"id":"e6b43f8b-d3df-42db-8912-3b1783152fa5", "isDeleted:":"true", "version":"1704202721044"}}
{"logTime": "0124/143107", "correlationVector":"J6hvvVK3qMNAnbKnSVt6iB.189","action":"GetUpdates", "result":"DeleteReceived", "context":{"id":"8a156374-8cb0-4113-9863-ec29094bc366", "isDeleted:":"true", "version":"1704202721045"}}
{"logTime": "0124/143107", "correlationVector":"J6hvvVK3qMNAnbKnSVt6iB.190","action":"GetUpdates", "result":"DeleteReceived", "context":{"id":"7e6c8f68-6b47-464b-927f-bed85f8a22b1", "isDeleted:":"true", "version":"1704202721046"}}
{"logTime": "0124/143107", "correlationVector":"J6hvvVK3qMNAnbKnSVt6iB.191","action":"GetUpdates", "result":"DeleteReceived", "context":{"id":"a588f7da-a22e-443c-ae9e-4d480d4fd705", "isDeleted:":"true", "version":"1704202721047"}}
{"logTime": "0124/143107", "correlationVector":"J6hvvVK3qMNAnbKnSVt6iB.192","action":"GetUpdates", "result":"DeleteReceived", "context":{"id":"3a85284b-f24e-41ab-9018-822bb138578c", "isDeleted:":"true", "version":"1704205043576"}}
{"logTime": "0124/143107", "correlationVector":"J6hvvVK3qMNAnbKnSVt6iB.193","action":"GetUpdates", "result":"DeleteReceived", "context":{"id":"f77906a2-7090-44e0-846b-89fcdaf6e2c3", "isDeleted:":"true", "version":"1705157652485"}}
{"logTime": "0124/143107", "correlationVector":"J6hvvVK3qMNAnbKnSVt6iB.194","action":"GetUpdates", "result":"DeleteReceived", "context":{"id":"192ba154-e246-40f1-b556-702d4e160c64", "isDeleted:":"true", "version":"1705976489260"}}
{"logTime": "0124/143107", "correlationVector":"J6hvvVK3qMNAnbKnSVt6iB.195","action":"GetUpdates", "result":"DeleteReceived", "context":{"id":"cf57b455-f62b-40dc-b5f3-ef0acefb9514", "isDeleted:":"true", "version":"1705976489261"}}
{"logTime": "0124/143107", "correlationVector":"J6hvvVK3qMNAnbKnSVt6iB.196","action":"GetUpdates", "result":"DeleteReceived", "context":{"id":"9d394f32-1fbc-437f-8973-f8c8b1e771c5", "isDeleted:":"true", "version":"1705976489262"}}
{"logTime": "0124/143107", "correlationVector":"J6hvvVK3qMNAnbKnSVt6iB.197","action":"GetUpdates", "result":"DeleteReceived", "context":{"id":"dff17b77-b6b6-4f6d-a251-066aa7f7fd1a", "isDeleted:":"true", "version":"1705976489263"}}
{"logTime": "0124/143107", "correlationVector":"J6hvvVK3qMNAnbKnSVt6iB.198","action":"GetUpdates", "result":"DeleteReceived", "context":{"id":"4697c696-5be6-4503-bac7-550801c924cc", "isDeleted:":"true", "version":"1705976489264"}}
{"logTime": "0124/143107", "correlationVector":"J6hvvVK3qMNAnbKnSVt6iB.199","action":"GetUpdates", "result":"DeleteReceived", "context":{"id":"5284cb7b-2b52-48e6-afe0-57f51da3c234", "isDeleted:":"true", "version":"1705976489265"}}
{"logTime": "0124/143107", "correlationVector":"J6hvvVK3qMNAnbKnSVt6iB.200","action":"GetUpdates", "result":"DeleteReceived", "context":{"id":"f7578908-929f-4130-b84e-28248f744641", "isDeleted:":"true", "version":"1705976489266"}}
{"logTime": "0124/143107", "correlationVector":"J6hvvVK3qMNAnbKnSVt6iB.201","action":"GetUpdates", "result":"DeleteReceived", "context":{"id":"7abf2080-c2fd-4fc0-87f3-777d4e78d573", "isDeleted:":"true", "version":"1705976647181"}}
{"logTime": "0124/143107", "correlationVector":"J6hvvVK3qMNAnbKnSVt6iB.202","action":"GetUpdates", "result":"DeleteReceived", "context":{"id":"319a9509-69ba-4ba7-aa6d-d00dd31325ea", "isDeleted:":"true", "version":"1705976654977"}}
{"logTime": "0124/143107", "correlationVector":"J6hvvVK3qMNAnbKnSVt6iB.203","action":"GetUpdates", "result":"DeleteReceived", "context":{"id":"f7638dee-b136-4881-bbbd-9b0b93862f56", "isDeleted:":"true", "version":"1705976946793"}}
{"logTime": "0124/143107", "correlationVector":"J6hvvVK3qMNAnbKnSVt6iB.204","action":"GetUpdates", "result":"DeleteReceived", "context":{"id":"c3ff1521-fc72-4738-846a-030fb57ba730", "isDeleted:":"true", "version":"1705977856441"}}
{"logTime": "0124/143107", "correlationVector":"J6hvvVK3qMNAnbKnSVt6iB.205","action":"GetUpdates", "result":"DeleteReceived", "context":{"id":"2a7c1f38-ad3b-41f7-bc1a-78e2321e69e2", "isDeleted:":"true", "version":"1705979559385"}}
{"logTime": "0124/143107", "correlationVector":"J6hvvVK3qMNAnbKnSVt6iB.206","action":"GetUpdates", "result":"DeleteReceived", "context":{"id":"ea241c59-b255-4777-afd5-d92dd4fc786b", "isDeleted:":"true", "version":"1705981609410"}}
{"logTime": "0124/143107", "correlationVector":"J6hvvVK3qMNAnbKnSVt6iB.207","action":"GetUpdates", "result":"DeleteReceived", "context":{"id":"26f9a515-50c6-421d-bcd5-ae32238fb5d4", "isDeleted:":"true", "version":"1706021145985"}}
{"logTime": "0124/143107", "correlationVector":"J6hvvVK3qMNAnbKnSVt6iB.208","action":"GetUpdates", "result":"DeleteReceived", "context":{"id":"b3dd8cfe-818f-4b92-9e16-d1e3650a53b2", "isDeleted:":"true", "version":"1706021145986"}}
{"logTime": "0124/143107", "correlationVector":"J6hvvVK3qMNAnbKnSVt6iB.209","action":"GetUpdates", "result":"DeleteReceived", "context":{"id":"1db1fe4b-d441-4e12-98e7-d80bc418c582", "isDeleted:":"true", "version":"1706021145987"}}
{"logTime": "0124/143107", "correlationVector":"J6hvvVK3qMNAnbKnSVt6iB.210","action":"GetUpdates", "result":"DeleteReceived", "context":{"id":"03a7bccc-c38e-4f45-969e-0286877288c8", "isDeleted:":"true", "version":"1706021145988"}}
{"logTime": "0124/143107", "correlationVector":"J6hvvVK3qMNAnbKnSVt6iB.211","action":"GetUpdates", "result":"DeleteReceived", "context":{"id":"9704d87f-bbab-45b7-8a70-728ed9523707", "isDeleted:":"true", "version":"1706021145989"}}
{"logTime": "0124/143107", "correlationVector":"J6hvvVK3qMNAnbKnSVt6iB.213","action":"GetUpdates", "result":"DeleteReceived", "context":{"id":"8b8b6ef0-ee3f-49eb-bb5d-505e993fe88b", "isDeleted:":"true", "version":"1706021534677"}}
{"logTime": "0124/143107", "correlationVector":"J6hvvVK3qMNAnbKnSVt6iB.214","action":"GetUpdates", "result":"DeleteReceived", "context":{"id":"a14d80fb-4a5d-43cc-92d6-4a51fa5438bf", "isDeleted:":"true", "version":"1706106102251"}}
{"logTime": "0124/143107", "correlationVector":"J6hvvVK3qMNAnbKnSVt6iB.215","action":"GetUpdates", "result":"DeleteReceived", "context":{"id":"1cd64be6-3126-4770-aa49-dda7e1068503", "isDeleted:":"true", "version":"1706106102252"}}
{"logTime": "0124/143107", "correlationVector":"J6hvvVK3qMNAnbKnSVt6iB.216","action":"GetUpdates", "result":"DeleteReceived", "context":{"id":"2dbd042a-a827-483a-868b-22af84f55b69", "isDeleted:":"true", "version":"1706106102253"}}
{"logTime": "0124/143107", "correlationVector":"J6hvvVK3qMNAnbKnSVt6iB.217","action":"GetUpdates", "result":"DeleteReceived", "context":{"id":"63298fc5-3e6b-4f33-9ee1-bd7eb6225564", "isDeleted:":"true", "version":"1706106102254"}}
{"logTime": "0124/143107", "correlationVector":"J6hvvVK3qMNAnbKnSVt6iB.218","action":"GetUpdates Response", "result":"SYNCER_OK", "context":Received 243 update(s). cV=J6hvvVK3qMNAnbKnSVt6iB.0;server=GENERAL0100000I;cloudType=Consumer;environment=Prod_SoutheastAsia_000j;migrationStage=NotStarted}
{"logTime": "0124/143107", "correlationVector":"eUDSdGvT9ZWEwHHpPBPWsl","action":"Normal GetUpdate request", "result":"", "context":cV=eUDSdGvT9ZWEwHHpPBPWsl
Nudged types: Bookmarks, Typed URLs, Sessions, Device Info, User Consents
Refresh requested types: Bookmarks, Preferences, Passwords, Autofill Profiles, Autofill, Autofill Custom Data, Typed URLs, Extensions, Sessions, Extension settings, History Delete Directives, Device Info, User Consents, Send Tab To Self, Web Apps, Collection, Edge E Drop, Edge Hub App Usage, Edge Wallet, Encryption Keys}
{"logTime": "0124/143107", "correlationVector":"eUDSdGvT9ZWEwHHpPBPWsl.1","action":"SyncServerConnectionManagerRequest", "result":"SYNC_SERVER_OK", "context":{"environment":"Prod_SoutheastAsia_000j", "migrationStage":"NotStarted", "server":"GENERAL0300001F"}}
{"logTime": "0124/143107", "correlationVector":"eUDSdGvT9ZWEwHHpPBPWsl.2","action":"GetUpdates Response", "result":"SYNCER_OK", "context":Received 0 update(s). cV=eUDSdGvT9ZWEwHHpPBPWsl.0;server=GENERAL0300001F;cloudType=Consumer;environment=Prod_SoutheastAsia_000j;migrationStage=NotStarted}
{"logTime": "0124/143107", "correlationVector":"fy6MmNiMnMnxnUKHgj2P2w","action":"Commit Request", "result":"", "context":Item count: 1
Contributing types: Device Info}
{"logTime": "0124/143108", "correlationVector":"fy6MmNiMnMnxnUKHgj2P2w.1","action":"SyncServerConnectionManagerRequest", "result":"SYNC_SERVER_OK", "context":{"environment":"Prod_SoutheastAsia_000j", "migrationStage":"NotStarted", "server":"GENERAL0300000G"}}
{"logTime": "0124/143108", "correlationVector":"fy6MmNiMnMnxnUKHgj2P2w.2","action":"Commit Response", "result":"SYNCER_OK", "context":Result: SYNCER_OK. cV=fy6MmNiMnMnxnUKHgj2P2w.0;server=GENERAL0300000G;cloudType=Consumer;environment=Prod_SoutheastAsia_000j;migrationStage=NotStarted}
{"logTime": "0124/143108", "correlationVector":"NOMaq5QBxF9Wa6lLQ8HkJV","action":"Commit Request", "result":"", "context":Item count: 20
Contributing types: Bookmarks}
{"logTime": "0124/143109", "correlationVector":"NOMaq5QBxF9Wa6lLQ8HkJV.1","action":"SyncServerConnectionManagerRequest", "result":"SYNC_SERVER_OK", "context":{"environment":"Prod_SoutheastAsia_000j", "migrationStage":"NotStarted", "server":"GENERAL0100000P"}}
{"logTime": "0124/143109", "correlationVector":"NOMaq5QBxF9Wa6lLQ8HkJV.2","action":"Commit Response", "result":"SYNCER_OK", "context":Result: SYNCER_OK. cV=NOMaq5QBxF9Wa6lLQ8HkJV.0;server=GENERAL0100000P;cloudType=Consumer;environment=Prod_SoutheastAsia_000j;migrationStage=NotStarted}
{"logTime": "0124/143109", "correlationVector":"NOMaq5QBxF9Wa6lLQ8HkJV.3","action":"Commit.Bookmarks", "result":"Conflict", "context":{"id":"0bacb115-cf25-40a5-980f-a733208df448", "isDeleted":"true", "size":"0", "version":"1669522426744"}}
{"logTime": "0124/143110", "correlationVector":"61Ze0g37eJFb+8SsMRLrX7","action":"Normal GetUpdate request", "result":"", "context":cV=61Ze0g37eJFb+8SsMRLrX7
Nudged types: Bookmarks, Typed URLs, Sessions, Device Info, User Consents
Refresh requested types: Bookmarks, Preferences, Passwords, Autofill Profiles, Autofill, Autofill Custom Data, Typed URLs, Extensions, Sessions, Extension settings, History Delete Directives, Device Info, User Consents, Send Tab To Self, Web Apps, Collection, Edge E Drop, Edge Hub App Usage, Edge Wallet, Encryption Keys}
{"logTime": "0124/143111", "correlationVector":"61Ze0g37eJFb+8SsMRLrX7.1","action":"SyncServerConnectionManagerRequest", "result":"SYNC_SERVER_OK", "context":{"environment":"Prod_SoutheastAsia_000j", "migrationStage":"NotStarted", "server":"GENERAL01000013"}}
{"logTime": "0124/143111", "correlationVector":"61Ze0g37eJFb+8SsMRLrX7.2","action":"GetUpdates Response", "result":"SYNCER_OK", "context":Received 21 update(s). cV=61Ze0g37eJFb+8SsMRLrX7.0;server=GENERAL01000013;cloudType=Consumer;environment=Prod_SoutheastAsia_000j;migrationStage=NotStarted}
{"logTime": "0124/143111", "correlationVector":"c9K4Pfir3zSLhrsRx466FV","action":"Commit Request", "result":"", "context":Item count: 9
Contributing types: Bookmarks, Typed URLs, Sessions, User Consents}
{"logTime": "0124/143112", "correlationVector":"c9K4Pfir3zSLhrsRx466FV.1","action":"SyncServerConnectionManagerRequest", "result":"SYNC_SERVER_OK", "context":{"environment":"Prod_SoutheastAsia_000j", "migrationStage":"NotStarted", "server":"GENERAL0100000O"}}
{"logTime": "0124/143112", "correlationVector":"c9K4Pfir3zSLhrsRx466FV.3","action":"Commit.Bookmarks", "result":"Conflict", "context":{"id":"0bacb115-cf25-40a5-980f-a733208df448", "isDeleted":"true", "size":"0", "version":"1669522426744"}}
{"logTime": "0124/143112", "correlationVector":"c9K4Pfir3zSLhrsRx466FV.4","action":"Commit.Bookmarks", "result":"Conflict", "context":{"id":"dcf2ba96-330b-444f-8546-13cb9eebb0a8", "isDeleted":"true", "size":"0", "version":"1669522426745"}}
{"logTime": "0124/143112", "correlationVector":"c9K4Pfir3zSLhrsRx466FV.5","action":"Commit.Bookmarks", "result":"Conflict", "context":{"id":"5e2b21c4-ee20-44dd-8703-3427d25d9863", "isDeleted":"true", "size":"0", "version":"1669522426743"}}
{"logTime": "0124/143112", "correlationVector":"c9K4Pfir3zSLhrsRx466FV.2","action":"Commit Response", "result":"SYNCER_OK", "context":Result: SYNCER_OK. cV=c9K4Pfir3zSLhrsRx466FV.0;server=GENERAL0100000O;cloudType=Consumer;environment=Prod_SoutheastAsia_000j;migrationStage=NotStarted}
{"logTime": "0124/143113", "correlationVector":"1OK4cNiAHRW+7s9Ev+teIW","action":"Normal GetUpdate request", "result":"", "context":cV=1OK4cNiAHRW+7s9Ev+teIW
Nudged types: Bookmarks, Typed URLs, Sessions, Device Info, User Consents
Refresh requested types: Bookmarks, Preferences, Passwords, Autofill Profiles, Autofill, Autofill Custom Data, Typed URLs, Extensions, Sessions, Extension settings, History Delete Directives, Device Info, User Consents, Send Tab To Self, Web Apps, Collection, Edge E Drop, Edge Hub App Usage, Edge Wallet, Encryption Keys}
{"logTime": "0124/143113", "correlationVector":"1OK4cNiAHRW+7s9Ev+teIW.1","action":"SyncServerConnectionManagerRequest", "result":"SYNC_SERVER_OK", "context":{"environment":"Prod_SoutheastAsia_000j", "migrationStage":"NotStarted", "server":"GENERAL0100000O"}}
{"logTime": "0124/143113", "correlationVector":"1OK4cNiAHRW+7s9Ev+teIW.2","action":"GetUpdates Response", "result":"SYNCER_OK", "context":Received 5 update(s). cV=1OK4cNiAHRW+7s9Ev+teIW.0;server=GENERAL0100000O;cloudType=Consumer;environment=Prod_SoutheastAsia_000j;migrationStage=NotStarted}
{"logTime": "0124/143121", "correlationVector":"r/n6655st8hYbn/Zn1R+8P","action":"Commit Request", "result":"", "context":Item count: 20
Contributing types: Passwords}
{"logTime": "0124/143122", "correlationVector":"r/n6655st8hYbn/Zn1R+8P.1","action":"SyncServerConnectionManagerRequest", "result":"SYNC_SERVER_OK", "context":{"environment":"Prod_SoutheastAsia_000j", "migrationStage":"NotStarted", "server":"GENERAL03000028"}}
{"logTime": "0124/143122", "correlationVector":"r/n6655st8hYbn/Zn1R+8P.2","action":"Commit Response", "result":"SYNCER_OK", "context":Result: SYNCER_OK. cV=r/n6655st8hYbn/Zn1R+8P.0;server=GENERAL03000028;cloudType=Consumer;environment=Prod_SoutheastAsia_000j;migrationStage=NotStarted}
{"logTime": "0124/143122", "correlationVector":"npSXBPAoBgdKU6Hwsj2yYL","action":"Commit Request", "result":"", "context":Item count: 20
Contributing types: Passwords}
{"logTime": "0124/143123", "correlationVector":"npSXBPAoBgdKU6Hwsj2yYL.1","action":"SyncServerConnectionManagerRequest", "result":"SYNC_SERVER_OK", "context":{"environment":"Prod_SoutheastAsia_000j", "migrationStage":"NotStarted", "server":"GENERAL0100001B"}}
{"logTime": "0124/143123", "correlationVector":"npSXBPAoBgdKU6Hwsj2yYL.2","action":"Commit Response", "result":"SYNCER_OK", "context":Result: SYNCER_OK. cV=npSXBPAoBgdKU6Hwsj2yYL.0;server=GENERAL0100001B;cloudType=Consumer;environment=Prod_SoutheastAsia_000j;migrationStage=NotStarted}
{"logTime": "0124/143123", "correlationVector":"5LSVG7WTdGfSIl1Bw5ZD4M","action":"Commit Request", "result":"", "context":Item count: 20
Contributing types: Passwords}
{"logTime": "0124/143125", "correlationVector":"5LSVG7WTdGfSIl1Bw5ZD4M.1","action":"SyncServerConnectionManagerRequest", "result":"SYNC_SERVER_OK", "context":{"environment":"Prod_SoutheastAsia_000j", "migrationStage":"NotStarted", "server":"GENERAL03000010"}}
{"logTime": "0124/143125", "correlationVector":"5LSVG7WTdGfSIl1Bw5ZD4M.2","action":"Commit Response", "result":"SYNCER_OK", "context":Result: SYNCER_OK. cV=5LSVG7WTdGfSIl1Bw5ZD4M.0;server=GENERAL03000010;cloudType=Consumer;environment=Prod_SoutheastAsia_000j;migrationStage=NotStarted}
{"logTime": "0124/143125", "correlationVector":"tcW4ecug28Nn1Do6LC8Wo5","action":"Commit Request", "result":"", "context":Item count: 1
Contributing types: Preferences}
{"logTime": "0124/143125", "correlationVector":"tcW4ecug28Nn1Do6LC8Wo5.1","action":"SyncServerConnectionManagerRequest", "result":"SYNC_SERVER_OK", "context":{"environment":"Prod_SoutheastAsia_000j", "migrationStage":"NotStarted", "server":"GENERAL0300002C"}}
{"logTime": "0124/143125", "correlationVector":"tcW4ecug28Nn1Do6LC8Wo5.2","action":"Commit Response", "result":"SYNCER_OK", "context":Result: SYNCER_OK. cV=tcW4ecug28Nn1Do6LC8Wo5.0;server=GENERAL0300002C;cloudType=Consumer;environment=Prod_SoutheastAsia_000j;migrationStage=NotStarted}
{"logTime": "0124/143157", "correlationVector":"xFvmMjI04zED4JtGwdUVAH","action":"Normal GetUpdate request", "result":"", "context":cV=xFvmMjI04zED4JtGwdUVAH
Nudged types: Bookmarks
Refresh requested types: Bookmarks
Is retry: True}
{"logTime": "0124/143157", "correlationVector":"xFvmMjI04zED4JtGwdUVAH.1","action":"SyncServerConnectionManagerRequest", "result":"SYNC_SERVER_OK", "context":{"environment":"Prod_SoutheastAsia_000j", "migrationStage":"NotStarted", "server":"GENERAL0300000D"}}
{"logTime": "0124/143157", "correlationVector":"xFvmMjI04zED4JtGwdUVAH.2","action":"GetUpdates Response", "result":"SYNCER_OK", "context":Received 63 update(s). cV=xFvmMjI04zED4JtGwdUVAH.0;server=GENERAL0300000D;cloudType=Consumer;environment=Prod_SoutheastAsia_000j;migrationStage=NotStarted}
{"logTime": "0124/143157", "correlationVector":"NFJLS5i1dUH3Y/XGgh0TdX","action":"Commit Request", "result":"", "context":Item count: 3
Contributing types: Bookmarks}
{"logTime": "0124/143158", "correlationVector":"NFJLS5i1dUH3Y/XGgh0TdX.1","action":"SyncServerConnectionManagerRequest", "result":"SYNC_SERVER_OK", "context":{"environment":"Prod_SoutheastAsia_000j", "migrationStage":"NotStarted", "server":"GENERAL0100000Z"}}
{"logTime": "0124/143158", "correlationVector":"NFJLS5i1dUH3Y/XGgh0TdX.3","action":"Commit.Bookmarks", "result":"Success", "context":{"id":"0bacb115-cf25-40a5-980f-a733208df448", "isDeleted":"true", "size":"0", "version":"1669522426744"}}
{"logTime": "0124/143158", "correlationVector":"NFJLS5i1dUH3Y/XGgh0TdX.4","action":"Commit.Bookmarks", "result":"Success", "context":{"id":"dcf2ba96-330b-444f-8546-13cb9eebb0a8", "isDeleted":"true", "size":"0", "version":"1669522426745"}}
{"logTime": "0124/143158", "correlationVector":"NFJLS5i1dUH3Y/XGgh0TdX.5","action":"Commit.Bookmarks", "result":"Success", "context":{"id":"5e2b21c4-ee20-44dd-8703-3427d25d9863", "isDeleted":"true", "size":"0", "version":"1669522426743"}}
{"logTime": "0124/143158", "correlationVector":"NFJLS5i1dUH3Y/XGgh0TdX.2","action":"Commit Response", "result":"SYNCER_OK", "context":Result: SYNCER_OK. cV=NFJLS5i1dUH3Y/XGgh0TdX.0;server=GENERAL0100000Z;cloudType=Consumer;environment=Prod_SoutheastAsia_000j;migrationStage=NotStarted}
{"logTime": "0124/143554", "correlationVector":"RXfevR2mFuv+NX8olBYySx","action":"Normal GetUpdate request", "result":"", "context":cV=RXfevR2mFuv+NX8olBYySx
Nudged types: Preferences
Refresh requested types: Bookmarks, Preferences, Passwords, Autofill Profiles, Autofill, Autofill Custom Data, Typed URLs, Extensions, Sessions, Extension settings, History Delete Directives, Device Info, User Consents, Send Tab To Self, Web Apps, Collection, Edge E Drop, Edge Hub App Usage, Edge Wallet, Encryption Keys}
{"logTime": "0124/143554", "correlationVector":"RXfevR2mFuv+NX8olBYySx.1","action":"SyncServerConnectionManagerRequest", "result":"SYNC_SERVER_OK", "context":{"environment":"Prod_SoutheastAsia_000j", "migrationStage":"NotStarted", "server":"GENERAL0100000I"}}
{"logTime": "0124/143554", "correlationVector":"RXfevR2mFuv+NX8olBYySx.2","action":"GetUpdates", "result":"DeleteReceived", "context":{"id":"0bacb115-cf25-40a5-980f-a733208df448", "isDeleted:":"true", "version":"1706106716165"}}
{"logTime": "0124/143554", "correlationVector":"RXfevR2mFuv+NX8olBYySx.3","action":"GetUpdates", "result":"DeleteReceived", "context":{"id":"dcf2ba96-330b-444f-8546-13cb9eebb0a8", "isDeleted:":"true", "version":"1706106716166"}}
{"logTime": "0124/143554", "correlationVector":"RXfevR2mFuv+NX8olBYySx.4","action":"GetUpdates", "result":"DeleteReceived", "context":{"id":"5e2b21c4-ee20-44dd-8703-3427d25d9863", "isDeleted:":"true", "version":"1706106716167"}}
{"logTime": "0124/143554", "correlationVector":"RXfevR2mFuv+NX8olBYySx.5","action":"GetUpdates Response", "result":"SYNCER_OK", "context":Received 3 update(s). cV=RXfevR2mFuv+NX8olBYySx.0;server=GENERAL0100000I;cloudType=Consumer;environment=Prod_SoutheastAsia_000j;migrationStage=NotStarted}
{"logTime": "0124/143554", "correlationVector":"JA7bohZ+0v/nHFMf+fCE3R","action":"Commit Request", "result":"", "context":Item count: 1
Contributing types: Preferences}
{"logTime": "0124/143555", "correlationVector":"JA7bohZ+0v/nHFMf+fCE3R.1","action":"SyncServerConnectionManagerRequest", "result":"SYNC_SERVER_OK", "context":{"environment":"Prod_SoutheastAsia_000j", "migrationStage":"NotStarted", "server":"GENERAL0100001G"}}
{"logTime": "0124/143555", "correlationVector":"JA7bohZ+0v/nHFMf+fCE3R.2","action":"Commit Response", "result":"SYNCER_OK", "context":Result: SYNCER_OK. cV=JA7bohZ+0v/nHFMf+fCE3R.0;server=GENERAL0100001G;cloudType=Consumer;environment=Prod_SoutheastAsia_000j;migrationStage=NotStarted}
{"logTime": "0124/143628", "correlationVector":"KOlUPYhlCCW4YSHPZkBw42","action":"Commit Request", "result":"", "context":Item count: 1
Contributing types: Sessions}
{"logTime": "0124/143628", "correlationVector":"KOlUPYhlCCW4YSHPZkBw42.1","action":"SyncServerConnectionManagerRequest", "result":"SYNC_SERVER_OK", "context":{"environment":"Prod_SoutheastAsia_000j", "migrationStage":"NotStarted", "server":"GENERAL0300000G"}}
{"logTime": "0124/143628", "correlationVector":"KOlUPYhlCCW4YSHPZkBw42.2","action":"Commit Response", "result":"SYNCER_OK", "context":Result: SYNCER_OK. cV=KOlUPYhlCCW4YSHPZkBw42.0;server=GENERAL0300000G;cloudType=Consumer;environment=Prod_SoutheastAsia_000j;migrationStage=NotStarted}
{"logTime": "0124/144545", "correlationVector":"OT3JKXV1e83S1y2V3JdiVY","action":"Normal GetUpdate request", "result":"", "context":cV=OT3JKXV1e83S1y2V3JdiVY
Notified types: Device Info}
{"logTime": "0124/144545", "correlationVector":"OT3JKXV1e83S1y2V3JdiVY.1","action":"SyncServerConnectionManagerRequest", "result":"SYNC_SERVER_OK", "context":{"environment":"Prod_SoutheastAsia_000j", "migrationStage":"NotStarted", "server":"GENERAL0100000W"}}
{"logTime": "0124/144545", "correlationVector":"OT3JKXV1e83S1y2V3JdiVY.2","action":"GetUpdates Response", "result":"SYNCER_OK", "context":Received 3 update(s). cV=OT3JKXV1e83S1y2V3JdiVY.0;server=GENERAL0100000W;cloudType=Consumer;environment=Prod_SoutheastAsia_000j;migrationStage=NotStarted}
{"logTime": "0124/151812", "correlationVector":"4oc7p1oDZ8Y+ndMsQaiSBK","action":"Normal GetUpdate request", "result":"", "context":cV=4oc7p1oDZ8Y+ndMsQaiSBK
Refresh requested types: Bookmarks, Preferences, Passwords, Autofill Profiles, Autofill, Autofill Custom Data, Typed URLs, Extensions, Sessions, Extension settings, History Delete Directives, Device Info, User Consents, Send Tab To Self, Web Apps, Collection, Edge E Drop, Edge Hub App Usage, Edge Wallet, Encryption Keys}
{"logTime": "0124/151813", "correlationVector":"4oc7p1oDZ8Y+ndMsQaiSBK.1","action":"SyncServerConnectionManagerRequest", "result":"SYNC_SERVER_OK", "context":{"environment":"Prod_SoutheastAsia_000j", "migrationStage":"NotStarted", "server":"GENERAL0300001M"}}
{"logTime": "0124/151813", "correlationVector":"4oc7p1oDZ8Y+ndMsQaiSBK.2","action":"GetUpdates Response", "result":"SYNCER_OK", "context":Received 0 update(s). cV=4oc7p1oDZ8Y+ndMsQaiSBK.0;server=GENERAL0300001M;cloudType=Consumer;environment=Prod_SoutheastAsia_000j;migrationStage=NotStarted}
{"logTime": "0124/151853", "correlationVector":"mde2onzqiGy1u0tLqaXtIS","action":"Commit Request", "result":"", "context":Item count: 1
Contributing types: Sessions}
{"logTime": "0124/151853", "correlationVector":"mde2onzqiGy1u0tLqaXtIS.1","action":"SyncServerConnectionManagerRequest", "result":"SYNC_SERVER_OK", "context":{"environment":"Prod_SoutheastAsia_000j", "migrationStage":"NotStarted", "server":"GENERAL0300000D"}}
{"logTime": "0124/151853", "correlationVector":"mde2onzqiGy1u0tLqaXtIS.2","action":"Commit Response", "result":"SYNCER_OK", "context":Result: SYNCER_OK. cV=mde2onzqiGy1u0tLqaXtIS.0;server=GENERAL0300000D;cloudType=Consumer;environment=Prod_SoutheastAsia_000j;migrationStage=NotStarted}
{"logTime": "0124/152051", "correlationVector":"AJv6S+Hch7D17VwZTatKJ3","action":"Commit Request", "result":"", "context":Item count: 1
Contributing types: Sessions}
{"logTime": "0124/152051", "correlationVector":"AJv6S+Hch7D17VwZTatKJ3.1","action":"SyncServerConnectionManagerRequest", "result":"SYNC_SERVER_OK", "context":{"environment":"Prod_SoutheastAsia_000j", "migrationStage":"NotStarted", "server":"GENERAL0100000N"}}
{"logTime": "0124/152051", "correlationVector":"AJv6S+Hch7D17VwZTatKJ3.2","action":"Commit Response", "result":"SYNCER_OK", "context":Result: SYNCER_OK. cV=AJv6S+Hch7D17VwZTatKJ3.0;server=GENERAL0100000N;cloudType=Consumer;environment=Prod_SoutheastAsia_000j;migrationStage=NotStarted}
{"logTime": "0124/152620", "correlationVector":"ZbKiGOzKS41Or2hzquFW3A","action":"Commit Request", "result":"", "context":Item count: 1
Contributing types: Sessions}
{"logTime": "0124/152620", "correlationVector":"ZbKiGOzKS41Or2hzquFW3A.1","action":"SyncServerConnectionManagerRequest", "result":"SYNC_SERVER_OK", "context":{"environment":"Prod_SoutheastAsia_000j", "migrationStage":"NotStarted", "server":"GENERAL0100000F"}}
{"logTime": "0124/152620", "correlationVector":"ZbKiGOzKS41Or2hzquFW3A.2","action":"Commit Response", "result":"SYNCER_OK", "context":Result: SYNCER_OK. cV=ZbKiGOzKS41Or2hzquFW3A.0;server=GENERAL0100000F;cloudType=Consumer;environment=Prod_SoutheastAsia_000j;migrationStage=NotStarted}
{"logTime": "0124/152849", "correlationVector":"ryHBh83Qxj+z2k2k+fSZD0","action":"Commit Request", "result":"", "context":Item count: 1
Contributing types: Sessions}
{"logTime": "0124/152850", "correlationVector":"ryHBh83Qxj+z2k2k+fSZD0.1","action":"SyncServerConnectionManagerRequest", "result":"SYNC_SERVER_OK", "context":{"environment":"Prod_SoutheastAsia_000j", "migrationStage":"NotStarted", "server":"GENERAL0100000X"}}
{"logTime": "0124/152850", "correlationVector":"ryHBh83Qxj+z2k2k+fSZD0.2","action":"Commit Response", "result":"SYNCER_OK", "context":Result: SYNCER_OK. cV=ryHBh83Qxj+z2k2k+fSZD0.0;server=GENERAL0100000X;cloudType=Consumer;environment=Prod_SoutheastAsia_000j;migrationStage=NotStarted}
{"logTime": "0124/153232", "correlationVector":"LyBtd/xKzfhOz60pLLtANN","action":"Commit Request", "result":"", "context":Item count: 1
Contributing types: Sessions}
{"logTime": "0124/153232", "correlationVector":"LyBtd/xKzfhOz60pLLtANN.1","action":"SyncServerConnectionManagerRequest", "result":"SYNC_SERVER_OK", "context":{"environment":"Prod_SoutheastAsia_000j", "migrationStage":"NotStarted", "server":"GENERAL0100000M"}}
{"logTime": "0124/153232", "correlationVector":"LyBtd/xKzfhOz60pLLtANN.2","action":"Commit Response", "result":"SYNCER_OK", "context":Result: SYNCER_OK. cV=LyBtd/xKzfhOz60pLLtANN.0;server=GENERAL0100000M;cloudType=Consumer;environment=Prod_SoutheastAsia_000j;migrationStage=NotStarted}
{"logTime": "0124/153505", "correlationVector":"iDeXEr01G2k0mgirymMI6o","action":"Commit Request", "result":"", "context":Item count: 1
Contributing types: Sessions}
{"logTime": "0124/153505", "correlationVector":"iDeXEr01G2k0mgirymMI6o.1","action":"SyncServerConnectionManagerRequest", "result":"SYNC_SERVER_OK", "context":{"environment":"Prod_SoutheastAsia_000j", "migrationStage":"NotStarted", "server":"GENERAL0300000Z"}}
{"logTime": "0124/153505", "correlationVector":"iDeXEr01G2k0mgirymMI6o.2","action":"Commit Response", "result":"SYNCER_OK", "context":Result: SYNCER_OK. cV=iDeXEr01G2k0mgirymMI6o.0;server=GENERAL0300000Z;cloudType=Consumer;environment=Prod_SoutheastAsia_000j;migrationStage=NotStarted}
{"logTime": "0124/153709", "correlationVector":"QNKM90aLe+PuRc8pYhqE6D","action":"Commit Request", "result":"", "context":Item count: 1
Contributing types: Sessions}
{"logTime": "0124/153710", "correlationVector":"QNKM90aLe+PuRc8pYhqE6D.1","action":"SyncServerConnectionManagerRequest", "result":"SYNC_SERVER_OK", "context":{"environment":"Prod_SoutheastAsia_000j", "migrationStage":"NotStarted", "server":"GENERAL0100000X"}}
{"logTime": "0124/153710", "correlationVector":"QNKM90aLe+PuRc8pYhqE6D.2","action":"Commit Response", "result":"SYNCER_OK", "context":Result: SYNCER_OK. cV=QNKM90aLe+PuRc8pYhqE6D.0;server=GENERAL0100000X;cloudType=Consumer;environment=Prod_SoutheastAsia_000j;migrationStage=NotStarted}
{"logTime": "0124/153744", "correlationVector":"uVBVT+MOB0opjIlNQICxN5","action":"Commit Request", "result":"", "context":Item count: 1
Contributing types: Sessions}
{"logTime": "0124/153745", "correlationVector":"uVBVT+MOB0opjIlNQICxN5.1","action":"SyncServerConnectionManagerRequest", "result":"SYNC_SERVER_OK", "context":{"environment":"Prod_SoutheastAsia_000j", "migrationStage":"NotStarted", "server":"GENERAL0100001A"}}
{"logTime": "0124/153745", "correlationVector":"uVBVT+MOB0opjIlNQICxN5.2","action":"Commit Response", "result":"SYNCER_OK", "context":Result: SYNCER_OK. cV=uVBVT+MOB0opjIlNQICxN5.0;server=GENERAL0100001A;cloudType=Consumer;environment=Prod_SoutheastAsia_000j;migrationStage=NotStarted}
{"logTime": "0124/153852", "correlationVector":"mBOGVYUqmJaI2aJllQ+yYG","action":"Commit Request", "result":"", "context":Item count: 1
Contributing types: Sessions}
{"logTime": "0124/153852", "correlationVector":"mBOGVYUqmJaI2aJllQ+yYG.1","action":"SyncServerConnectionManagerRequest", "result":"SYNC_SERVER_OK", "context":{"environment":"Prod_SoutheastAsia_000j", "migrationStage":"NotStarted", "server":"GENERAL0300002B"}}
{"logTime": "0124/153852", "correlationVector":"mBOGVYUqmJaI2aJllQ+yYG.2","action":"Commit Response", "result":"SYNCER_OK", "context":Result: SYNCER_OK. cV=mBOGVYUqmJaI2aJllQ+yYG.0;server=GENERAL0300002B;cloudType=Consumer;environment=Prod_SoutheastAsia_000j;migrationStage=NotStarted}
{"logTime": "0124/154207", "correlationVector":"5jtrEOc19DJbLRARl2t+ie","action":"Commit Request", "result":"", "context":Item count: 1
Contributing types: Sessions}
{"logTime": "0124/154207", "correlationVector":"5jtrEOc19DJbLRARl2t+ie.1","action":"SyncServerConnectionManagerRequest", "result":"SYNC_SERVER_OK", "context":{"environment":"Prod_SoutheastAsia_000j", "migrationStage":"NotStarted", "server":"GENERAL0300000D"}}
{"logTime": "0124/154207", "correlationVector":"5jtrEOc19DJbLRARl2t+ie.2","action":"Commit Response", "result":"SYNCER_OK", "context":Result: SYNCER_OK. cV=5jtrEOc19DJbLRARl2t+ie.0;server=GENERAL0300000D;cloudType=Consumer;environment=Prod_SoutheastAsia_000j;migrationStage=NotStarted}
{"logTime": "0124/154311", "correlationVector":"dae4mA7AnzDFLTlyc6Qkx1","action":"Commit Request", "result":"", "context":Item count: 1
Contributing types: Sessions}
{"logTime": "0124/154312", "correlationVector":"dae4mA7AnzDFLTlyc6Qkx1.1","action":"SyncServerConnectionManagerRequest", "result":"SYNC_SERVER_OK", "context":{"environment":"Prod_SoutheastAsia_000j", "migrationStage":"NotStarted", "server":"GENERAL0100000W"}}
{"logTime": "0124/154312", "correlationVector":"dae4mA7AnzDFLTlyc6Qkx1.2","action":"Commit Response", "result":"SYNCER_OK", "context":Result: SYNCER_OK. cV=dae4mA7AnzDFLTlyc6Qkx1.0;server=GENERAL0100000W;cloudType=Consumer;environment=Prod_SoutheastAsia_000j;migrationStage=NotStarted}
{"logTime": "0124/155135", "correlationVector":"S2i4eH+MrmJxYQElciRlb3","action":"Commit Request", "result":"", "context":Item count: 1
Contributing types: Sessions}
{"logTime": "0124/155136", "correlationVector":"S2i4eH+MrmJxYQElciRlb3.1","action":"SyncServerConnectionManagerRequest", "result":"SYNC_SERVER_OK", "context":{"environment":"Prod_SoutheastAsia_000j", "migrationStage":"NotStarted", "server":"GENERAL0100000A"}}
{"logTime": "0124/155136", "correlationVector":"S2i4eH+MrmJxYQElciRlb3.2","action":"Commit Response", "result":"SYNCER_OK", "context":Result: SYNCER_OK. cV=S2i4eH+MrmJxYQElciRlb3.0;server=GENERAL0100000A;cloudType=Consumer;environment=Prod_SoutheastAsia_000j;migrationStage=NotStarted}
{"logTime": "0124/155351", "correlationVector":"cQzQWgVhprsYXIJcs/gqYQ","action":"Commit Request", "result":"", "context":Item count: 1
Contributing types: Sessions}
{"logTime": "0124/155351", "correlationVector":"cQzQWgVhprsYXIJcs/gqYQ.1","action":"SyncServerConnectionManagerRequest", "result":"SYNC_SERVER_OK", "context":{"environment":"Prod_SoutheastAsia_000j", "migrationStage":"NotStarted", "server":"GENERAL0300000R"}}
{"logTime": "0124/155351", "correlationVector":"cQzQWgVhprsYXIJcs/gqYQ.2","action":"Commit Response", "result":"SYNCER_OK", "context":Result: SYNCER_OK. cV=cQzQWgVhprsYXIJcs/gqYQ.0;server=GENERAL0300000R;cloudType=Consumer;environment=Prod_SoutheastAsia_000j;migrationStage=NotStarted}
{"logTime": "0124/160245", "correlationVector":"3t2uKp+NtVzKDSeiLR2Tsy","action":"Commit Request", "result":"", "context":Item count: 1
Contributing types: Sessions}
{"logTime": "0124/160245", "correlationVector":"3t2uKp+NtVzKDSeiLR2Tsy.1","action":"SyncServerConnectionManagerRequest", "result":"SYNC_SERVER_OK", "context":{"environment":"Prod_SoutheastAsia_000j", "migrationStage":"NotStarted", "server":"GENERAL0100000X"}}
{"logTime": "0124/160245", "correlationVector":"3t2uKp+NtVzKDSeiLR2Tsy.2","action":"Commit Response", "result":"SYNCER_OK", "context":Result: SYNCER_OK. cV=3t2uKp+NtVzKDSeiLR2Tsy.0;server=GENERAL0100000X;cloudType=Consumer;environment=Prod_SoutheastAsia_000j;migrationStage=NotStarted}
{"logTime": "0124/160542", "correlationVector":"QCbDyyhi7DF0+2aKSmIuVH","action":"Commit Request", "result":"", "context":Item count: 1
Contributing types: Sessions}
{"logTime": "0124/160542", "correlationVector":"QCbDyyhi7DF0+2aKSmIuVH.1","action":"SyncServerConnectionManagerRequest", "result":"SYNC_SERVER_OK", "context":{"environment":"Prod_SoutheastAsia_000j", "migrationStage":"NotStarted", "server":"GENERAL0100000N"}}
{"logTime": "0124/160542", "correlationVector":"QCbDyyhi7DF0+2aKSmIuVH.2","action":"Commit Response", "result":"SYNCER_OK", "context":Result: SYNCER_OK. cV=QCbDyyhi7DF0+2aKSmIuVH.0;server=GENERAL0100000N;cloudType=Consumer;environment=Prod_SoutheastAsia_000j;migrationStage=NotStarted}
{"logTime": "0124/160920", "correlationVector":"TBnewm/9/7Eqxtu3E07Ull","action":"Commit Request", "result":"", "context":Item count: 1
Contributing types: Sessions}
{"logTime": "0124/160920", "correlationVector":"TBnewm/9/7Eqxtu3E07Ull.1","action":"SyncServerConnectionManagerRequest", "result":"SYNC_SERVER_OK", "context":{"environment":"Prod_SoutheastAsia_000j", "migrationStage":"NotStarted", "server":"GENERAL0100001I"}}
{"logTime": "0124/160920", "correlationVector":"TBnewm/9/7Eqxtu3E07Ull.2","action":"Commit Response", "result":"SYNCER_OK", "context":Result: SYNCER_OK. cV=TBnewm/9/7Eqxtu3E07Ull.0;server=GENERAL0100001I;cloudType=Consumer;environment=Prod_SoutheastAsia_000j;migrationStage=NotStarted}
{"logTime": "0124/161802", "correlationVector":"BANBMpuZj/tr3uSIW+lN5D","action":"Commit Request", "result":"", "context":Item count: 1
Contributing types: Sessions}
{"logTime": "0124/161802", "correlationVector":"BANBMpuZj/tr3uSIW+lN5D.1","action":"SyncServerConnectionManagerRequest", "result":"SYNC_SERVER_OK", "context":{"environment":"Prod_SoutheastAsia_000j", "migrationStage":"NotStarted", "server":"GENERAL03000001"}}
{"logTime": "0124/161802", "correlationVector":"BANBMpuZj/tr3uSIW+lN5D.2","action":"Commit Response", "result":"SYNCER_OK", "context":Result: SYNCER_OK. cV=BANBMpuZj/tr3uSIW+lN5D.0;server=GENERAL03000001;cloudType=Consumer;environment=Prod_SoutheastAsia_000j;migrationStage=NotStarted}
{"logTime": "0124/162107", "correlationVector":"NBF5Uy11c24uKxn2voIobi","action":"Commit Request", "result":"", "context":Item count: 1
Contributing types: Sessions}
{"logTime": "0124/162107", "correlationVector":"NBF5Uy11c24uKxn2voIobi.1","action":"SyncServerConnectionManagerRequest", "result":"SYNC_SERVER_OK", "context":{"environment":"Prod_SoutheastAsia_000j", "migrationStage":"NotStarted", "server":"GENERAL03000000"}}
{"logTime": "0124/162107", "correlationVector":"NBF5Uy11c24uKxn2voIobi.2","action":"Commit Response", "result":"SYNCER_OK", "context":Result: SYNCER_OK. cV=NBF5Uy11c24uKxn2voIobi.0;server=GENERAL03000000;cloudType=Consumer;environment=Prod_SoutheastAsia_000j;migrationStage=NotStarted}
